[02:43:02] [main/INFO] ========================================
[02:43:02] [main/INFO] Minecraft: 1.21.1
[02:43:02] [main/INFO] Side: server
[02:43:02] [main/INFO] Development: false
[02:43:02] [main/INFO] Version: 16.0.788
[02:43:02] [main/INFO] Loader:
[02:43:02] [main/INFO] - Fabric: 0.16.3
[02:43:02] [main/INFO] - Fabric API: 0.108.0+1.21.1
[02:43:02] [main/INFO] Dependencies:
[02:43:02] [main/INFO] - Cloth Config: 15.0.140
[02:43:02] [main/INFO] - Architectury: 13.0.8
[02:43:02] [main/INFO] Mixin: 0.8.7
[02:43:02] [main/INFO] OS: Linux 6.5.0-1025-azure (amd64)
[02:43:02] [main/INFO] Java: 21.0.5 (Ubuntu)
[02:43:02] [main/INFO] ========================================
[02:43:02] [main/INFO] Mods:
[02:43:02] [main/INFO] - adventurez: 1.4.23
[02:43:02] [main/INFO] - ar_com_hjg_pngj: 2.1.0
[02:43:02] [main/INFO] - archers: 2.1.1+1.21.1
[02:43:02] [main/INFO] - architectury: 13.0.8
[02:43:02] [main/INFO] - azurelibarmor: 2.3.13
[02:43:02] [main/INFO] - balm-fabric: 21.0.20
[02:43:02] [main/INFO] - bclib: 21.0.13
[02:43:02] [main/INFO] - bettercombat: 2.0.3+1.21.1
[02:43:02] [main/INFO] - betterdeserttemples: 1.21.1-Fabric-4.1.2
[02:43:02] [main/INFO] - betterend: 21.0.11
[02:43:02] [main/INFO] - betterjungletemples: 1.21.1-Fabric-3.1.1
[02:43:02] [main/INFO] - betternether: 21.0.11
[02:43:02] [main/INFO] - blue_endless_jankson: 1.2.3
[02:43:02] [main/INFO] - bosses_of_mass_destruction: 1.10.2-1.21.1
[02:43:02] [main/INFO] - cardinal-components: 6.1.1
[02:43:02] [main/INFO] - cardinal-components-base: 6.1.1
[02:43:02] [main/INFO] - cardinal-components-block: 6.1.1
[02:43:02] [main/INFO] - cardinal-components-chunk: 6.1.1
[02:43:02] [main/INFO] - cardinal-components-entity: 6.1.1
[02:43:02] [main/INFO] - cardinal-components-item: 6.1.1
[02:43:02] [main/INFO] - cardinal-components-level: 6.1.1
[02:43:02] [main/INFO] - cardinal-components-scoreboard: 6.1.1
[02:43:02] [main/INFO] - cardinal-components-world: 6.1.1
[02:43:02] [main/INFO] - carryon: 2.2.2
[02:43:02] [main/INFO] - chunkloaders: 1.2.8
[02:43:02] [main/INFO] - cloth-basic-math: 0.6.1
[02:43:02] [main/INFO] - cloth-config: 15.0.140
[02:43:02] [main/INFO] - cloth-config: 15.0.140
[02:43:02] [main/INFO] - collective: 7.87
[02:43:02] [main/INFO] - com_electronwill_night-config_core: 3.8.0
[02:43:02] [main/INFO] - com_electronwill_night-config_toml: 3.8.0
[02:43:02] [main/INFO] - com_github_zsoltmolnarrr_tinyconfig: 2.3.2
[02:43:02] [main/INFO] - combat_roll: 2.0.1+1.21.1
[02:43:02] [main/INFO] - common-protection-api: 1.0.0
[02:43:02] [main/INFO] - commonnetworking: 1.0.16-1.21.1
[02:43:02] [main/INFO] - coroutil: 1.21.0-1.3.7
[02:43:02] [main/INFO] - cristellib: 1.2.8
[02:43:02] [main/INFO] - ctov: 3.5.4
[02:43:02] [main/INFO] - dungeon_difficulty: 3.0.0+1.21.1
[02:43:02] [main/INFO] - dungeons_arise: 2.1.60
[02:43:02] [main/INFO] - dungeons_arise_seven_seas: 1.0.3
[02:43:02] [main/INFO] - easy_mob_farm: 8.5.1
[02:43:02] [main/INFO] - emi: 1.1.18+1.21.1+fabric
[02:43:02] [main/INFO] - error_notifier: 1.0.11
[02:43:02] [main/INFO] - fabric-api: 0.108.0+1.21.1
[02:43:02] [main/INFO] - fabric-api: 0.108.0+1.21.1
[02:43:02] [main/INFO] - fabric-api-base: 0.4.42+6573ed8c19
[02:43:02] [main/INFO] - fabric-api-lookup-api-v1: 1.6.70+b559734419
[02:43:02] [main/INFO] - fabric-biome-api-v1: 13.0.30+be1ed2d719
[02:43:02] [main/INFO] - fabric-block-api-v1: 1.0.22+0af3f5a719
[02:43:02] [main/INFO] - fabric-block-view-api-v2: 1.0.10+6573ed8c19
[02:43:02] [main/INFO] - fabric-command-api-v1: 1.2.49+f71b366f19
[02:43:02] [main/INFO] - fabric-command-api-v2: 2.2.28+6ced4dd919
[02:43:02] [main/INFO] - fabric-commands-v0: 0.2.66+df3654b319
[02:43:02] [main/INFO] - fabric-content-registries-v0: 8.0.18+b559734419
[02:43:02] [main/INFO] - fabric-convention-tags-v1: 2.1.2+7f945d5b19
[02:43:02] [main/INFO] - fabric-convention-tags-v2: 2.9.2+e60e56d419
[02:43:02] [main/INFO] - fabric-crash-report-info-v1: 0.2.29+0af3f5a719
[02:43:02] [main/INFO] - fabric-data-attachment-api-v1: 1.3.0+8e331c5719
[02:43:02] [main/INFO] - fabric-data-generation-api-v1: 20.2.23+16c4ae2519
[02:43:02] [main/INFO] - fabric-dimensions-v1: 4.0.0+6fc22b9919
[02:43:02] [main/INFO] - fabric-entity-events-v1: 1.7.0+2122d82819
[02:43:02] [main/INFO] - fabric-events-interaction-v0: 0.7.13+ba9dae0619
[02:43:02] [main/INFO] - fabric-game-rule-api-v1: 1.0.53+6ced4dd919
[02:43:02] [main/INFO] - fabric-item-api-v1: 11.1.1+d5debaed19
[02:43:02] [main/INFO] - fabric-item-group-api-v1: 4.1.6+6823f7cd19
[02:43:02] [main/INFO] - fabric-language-kotlin: 1.12.3+kotlin.2.0.21
[02:43:02] [main/INFO] - fabric-lifecycle-events-v1: 2.5.0+01d9a51c19
[02:43:02] [main/INFO] - fabric-loot-api-v2: 3.0.15+3f89f5a519
[02:43:02] [main/INFO] - fabric-loot-api-v3: 1.0.3+3f89f5a519
[02:43:02] [main/INFO] - fabric-message-api-v1: 6.0.13+6573ed8c19
[02:43:02] [main/INFO] - fabric-networking-api-v1: 4.3.0+c7469b2119
[02:43:02] [main/INFO] - fabric-object-builder-api-v1: 15.2.1+40875a9319
[02:43:02] [main/INFO] - fabric-particles-v1: 4.0.2+6573ed8c19
[02:43:02] [main/INFO] - fabric-permissions-api-v0: 0.3.1
[02:43:02] [main/INFO] - fabric-recipe-api-v1: 5.0.13+6508971219
[02:43:02] [main/INFO] - fabric-registry-sync-v0: 5.1.3+60c3209b19
[02:43:02] [main/INFO] - fabric-rendering-data-attachment-v1: 0.3.48+73761d2e19
[02:43:02] [main/INFO] - fabric-rendering-fluids-v1: 3.1.6+1daea21519
[02:43:02] [main/INFO] - fabric-resource-conditions-api-v1: 4.3.0+8dc279b119
[02:43:02] [main/INFO] - fabric-resource-loader-v0: 1.3.1+5b5275af19
[02:43:02] [main/INFO] - fabric-screen-handler-api-v1: 1.3.87+b559734419
[02:43:02] [main/INFO] - fabric-transfer-api-v1: 5.4.2+95bead5f19
[02:43:02] [main/INFO] - fabric-transitive-access-wideners-v1: 6.1.0+1daea21519
[02:43:02] [main/INFO] - fabricloader: 0.16.3
[02:43:02] [main/INFO] - ferritecore: 7.0.2-hotfix
[02:43:02] [main/INFO] - forgeconfigapiport: 21.1.2
[02:43:02] [main/INFO] - geckolib: 4.7
[02:43:02] [main/INFO] - infinitetrading: 4.5
[02:43:02] [main/INFO] - jade: 15.8.3+fabric
[02:43:02] [main/INFO] - java: 21
[02:43:02] [main/INFO] - jei: 19.21.0.247
[02:43:02] [main/INFO] - jewelry: 2.0.2+1.21.1
[02:43:02] [main/INFO] - journeymap: 1.21.1-6.0.0-beta.29
[02:43:02] [main/INFO] - journeymap-api-fabric: 2.0.0-1.21.1-SNAPSHOT
[02:43:02] [main/INFO] - knightlib: 1.1.1
[02:43:02] [main/INFO] - knightquest: 1.7.2
[02:43:02] [main/INFO] - kuma_api: 21.0.5-SNAPSHOT
[02:43:02] [main/INFO] - lithostitched: 1.3.4
[02:43:02] [main/INFO] - mes: 1.3.5-1.21-fabric
[02:43:02] [main/INFO] - minecraft: 1.21.1
[02:43:02] [main/INFO] - mixinextras: 0.4.1
[02:43:02] [main/INFO] - mns: 1.0.5-1.21-fabric
[02:43:02] [main/INFO] - mr_dungeons_andtaverns: 1-v4.4.4
[02:43:02] [main/INFO] - mr_dungeons_andtavernsancientcityoverhaul: 1-v2
[02:43:02] [main/INFO] - mr_dungeons_andtavernsendcastlestandalone: 1-v1.1
[02:43:02] [main/INFO] - mr_dungeons_andtavernsnetherfortressoverhaul: 1-v2.4
[02:43:02] [main/INFO] - mr_dungeons_andtavernsoceanmonumentreplacement: 1-v1.2
[02:43:02] [main/INFO] - mr_dungeons_andtavernspillageroutpostoverhaul: 1-v2.2
[02:43:02] [main/INFO] - mr_dungeons_andtavernsstrongholdrework: 1-v2.1
[02:43:02] [main/INFO] - mr_dungeons_andtavernsswamphutoverhaul: 1-v2
[02:43:02] [main/INFO] - mr_dungeons_andtavernswoodlandmansionreplacement: 1-v1.2
[02:43:02] [main/INFO] - mss: 1.2.6-1.21-fabric
[02:43:02] [main/INFO] - multipart_entities: 1.7-1.21
[02:43:02] [main/INFO] - mvs: 4.2.6-1.21-fabric
[02:43:02] [main/INFO] - org_javassist_javassist: 3.29.2-GA
[02:43:02] [main/INFO] - org_jetbrains_kotlin_kotlin-reflect: 2.0.21
[02:43:02] [main/INFO] - org_jetbrains_kotlin_kotlin-stdlib: 2.0.21
[02:43:02] [main/INFO] - org_jetbrains_kotlin_kotlin-stdlib-jdk7: 2.0.21
[02:43:02] [main/INFO] - org_jetbrains_kotlin_kotlin-stdlib-jdk8: 2.0.21
[02:43:02] [main/INFO] - org_jetbrains_kotlinx_atomicfu-jvm: 0.25.0
[02:43:02] [main/INFO] - org_jetbrains_kotlinx_kotlinx-coroutines-core-jvm: 1.9.0
[02:43:02] [main/INFO] - org_jetbrains_kotlinx_kotlinx-coroutines-jdk8: 1.9.0
[02:43:02] [main/INFO] - org_jetbrains_kotlinx_kotlinx-datetime-jvm: 0.6.1
[02:43:02] [main/INFO] - org_jetbrains_kotlinx_kotlinx-io-bytestring-jvm: 0.5.4
[02:43:02] [main/INFO] - org_jetbrains_kotlinx_kotlinx-io-core-jvm: 0.5.4
[02:43:02] [main/INFO] - org_jetbrains_kotlinx_kotlinx-serialization-cbor-jvm: 1.7.3
[02:43:02] [main/INFO] - org_jetbrains_kotlinx_kotlinx-serialization-core-jvm: 1.7.3
[02:43:02] [main/INFO] - org_jetbrains_kotlinx_kotlinx-serialization-json-jvm: 1.7.3
[02:43:02] [main/INFO] - org_reflections_reflections: 0.10.2
[02:43:02] [main/INFO] - org_yaml_snakeyaml: 2.2
[02:43:02] [main/INFO] - packet_tweaker: 0.5.5+1.21
[02:43:02] [main/INFO] - paladins: 2.1.1+1.21.1
[02:43:02] [main/INFO] - placeholder-api: 2.4.1+1.21
[02:43:02] [main/INFO] - playeranimator: 2.0.0-alpha1+1.21
[02:43:02] [main/INFO] - polymer-common: 0.9.14+1.21.1
[02:43:02] [main/INFO] - polymer-core: 0.9.14+1.21.1
[02:43:02] [main/INFO] - polymer-networking: 0.9.14+1.21.1
[02:43:02] [main/INFO] - polymer-registry-sync-manipulator: 0.9.14+1.21.1
[02:43:02] [main/INFO] - polymer-resource-pack: 0.9.14+1.21.1
[02:43:02] [main/INFO] - polymer-virtual-entity: 0.9.14+1.21.1
[02:43:02] [main/INFO] - predicate-api: 0.5.1+1.21
[02:43:02] [main/INFO] - ranged_weapon_api: 2.0.4+1.21.1
[02:43:02] [main/INFO] - rogues: 2.1.0+1.21.1
[02:43:02] [main/INFO] - roughlyenoughitems: 16.0.788
[02:43:02] [main/INFO] - runes: 1.0.3+1.21.1
[02:43:02] [main/INFO] - server_translations_api: 2.3.1+1.21-pre2
[02:43:02] [main/INFO] - servercore: 1.5.5+1.21.1
[02:43:02] [main/INFO] - sgui: 1.6.0+1.21
[02:43:02] [main/INFO] - shield_api: 2.0.2+1.21.1
[02:43:02] [main/INFO] - space_arim_dazzleconf_dazzleconf-core: 1.3.0-M2
[02:43:02] [main/INFO] - space_arim_dazzleconf_dazzleconf-ext-snakeyaml: 1.3.0-M2
[02:43:02] [main/INFO] - spell_engine: 1.1.2+1.21.1
[02:43:02] [main/INFO] - spell_power: 1.0.5+1.21.1
[02:43:02] [main/INFO] - structure_pool_api: 1.1.3+1.21.1
[02:43:02] [main/INFO] - supermartijn642configlib: 1.1.8
[02:43:02] [main/INFO] - supermartijn642corelib: 1.1.17+c
[02:43:02] [main/INFO] - t_and_t: 1.13.2
[02:43:02] [main/INFO] - tectonic: 2.4.1a
[02:43:02] [main/INFO] - terralith: 2.5.6
[02:43:02] [main/INFO] - toms_storage: 2.0.11
[02:43:02] [main/INFO] - trade_cycling: 1.21.1-1.0.15
[02:43:02] [main/INFO] - trinkets: 3.10.0
[02:43:02] [main/INFO] - universal-graves: 3.4.4+1.21
[02:43:02] [main/INFO] - watut: 1.21.0-1.1.3
[02:43:02] [main/INFO] - waystones: 21.1.5
[02:43:02] [main/INFO] - wizards: 2.1.0+1.21.1
[02:43:02] [main/INFO] - wover: 21.0.13
[02:43:02] [main/INFO] - wover-biome: 21.0.13
[02:43:02] [main/INFO] - wover-block: 21.0.13
[02:43:02] [main/INFO] - wover-common: 21.0.13
[02:43:02] [main/INFO] - wover-core: 21.0.13
[02:43:02] [main/INFO] - wover-datagen: 21.0.13
[02:43:02] [main/INFO] - wover-events: 21.0.13
[02:43:02] [main/INFO] - wover-feature: 21.0.13
[02:43:02] [main/INFO] - wover-generator: 21.0.13
[02:43:02] [main/INFO] - wover-item: 21.0.13
[02:43:02] [main/INFO] - wover-math: 21.0.13
[02:43:02] [main/INFO] - wover-preset: 21.0.13
[02:43:02] [main/INFO] - wover-recipe: 21.0.13
[02:43:02] [main/INFO] - wover-structure: 21.0.13
[02:43:02] [main/INFO] - wover-surface: 21.0.13
[02:43:02] [main/INFO] - wover-tag: 21.0.13
[02:43:02] [main/INFO] - wover-ui: 21.0.13
[02:43:02] [main/INFO] - wunderlib: 21.0.8
[02:43:02] [main/INFO] - yungsapi: 1.21.1-Fabric-5.1.2
[02:43:02] [main/INFO] ========================================
[02:43:02] [main/INFO] [REI] Registered plugin provider DefaultPlugin [roughlyenoughitems] for REIPlugin
[02:43:02] [main/INFO] [REI] Registered plugin provider DefaultRuntimePlugin [roughlyenoughitems] for REIPlugin
[02:43:02] [main/INFO] [REI] Registered plugin provider DefaultPlugin [roughlyenoughitems] for REIServerPlugin
[02:43:02] [main/INFO] [REI] Registered plugin provider DefaultRuntimePlugin [roughlyenoughitems] for REIServerPlugin
[02:43:02] [main/INFO] [REI] Registered plugin provider FabricFluidAPISupportPlugin for REIServerPlugin
[02:43:02] [main/INFO] [REI] Registered plugin provider FabricFluidAPISupportPlugin for REIPlugin
[02:43:06] [Worker-Main-3/DEBUG] [REI] Processed 3 tags in 518.3 μs for minecraft:instrument
[02:43:06] [Worker-Main-2/DEBUG] [REI] Processed 5 tags in 21.87 μs for minecraft:fluid
[02:43:06] [Worker-Main-1/DEBUG] [REI] Processed 0 tags in 47.20 μs for minecraft:worldgen/structure
[02:43:06] [Worker-Main-1/DEBUG] [REI] Processed 0 tags in 4.879 μs for minecraft:worldgen/processor_list
[02:43:06] [Worker-Main-2/DEBUG] [REI] Processed 0 tags in 16.58 μs for minecraft:damage_type
[02:43:06] [Worker-Main-1/DEBUG] [REI] Processed 5 tags in 96.35 μs for minecraft:game_event
[02:43:06] [Worker-Main-2/DEBUG] [REI] Processed 40 tags in 229.3 μs for minecraft:entity_type
[02:43:06] [Worker-Main-1/DEBUG] [REI] Processed 0 tags in 4.549 μs for minecraft:worldgen/world_preset
[02:43:06] [Worker-Main-3/DEBUG] [REI] Processed 0 tags in 27.82 μs for minecraft:enchantment
[02:43:06] [Worker-Main-3/DEBUG] [REI] Processed 0 tags in 4.057 μs for minecraft:painting_variant
[02:43:06] [Worker-Main-1/DEBUG] [REI] Processed 0 tags in 3.787 μs for minecraft:worldgen/flat_level_generator_preset
[02:43:06] [Worker-Main-2/DEBUG] [REI] Processed 2 tags in 18.58 μs for minecraft:cat_variant
[02:43:06] [Worker-Main-2/DEBUG] [REI] Processed 3 tags in 28.64 μs for minecraft:point_of_interest_type
[02:43:06] [Worker-Main-2/DEBUG] [REI] Processed 0 tags in 5.190 μs for minecraft:worldgen/structure_set
[02:43:06] [Worker-Main-2/DEBUG] [REI] Processed 0 tags in 7.574 μs for minecraft:banner_pattern
[02:43:06] [Worker-Main-3/DEBUG] [REI] Processed 0 tags in 212.8 μs for minecraft:worldgen/biome
[02:43:06] [Worker-Main-1/DEBUG] [REI] Processed 506 tags in 14.69 ms for minecraft:item
[02:43:06] [Worker-Main-2/DEBUG] [REI] Processed 391 tags in 7.728 ms for minecraft:block
[02:43:06] [Worker-Main-3/DEBUG] [REI] Processed 0 tags in 59.48 μs for minecraft:worldgen/template_pool
[02:43:07] [main/DEBUG] [REI] Starting Reload Plugins of stage null
java.lang.Throwable
	at me.shedaniel.rei.impl.common.plugins.ReloadManagerImpl.reloadPlugins(ReloadManagerImpl.java:110)
	at me.shedaniel.rei.RoughlyEnoughItemsCore.lambda$onInitialize$5(RoughlyEnoughItemsCore.java:163)
	at java.base/java.util.concurrent.CompletableFuture$UniRun.tryFire(CompletableFuture.java:787)
	at java.base/java.util.concurrent.CompletableFuture$Completion.run(CompletableFuture.java:482)
	at net.minecraft.class_4014.method_18365(class_4014.java:69)
	at net.minecraft.class_156.method_43498(class_156.java:1024)
	at net.minecraft.class_156.method_43499(class_156.java:1012)
	at net.minecraft.server.Main.main(Main.java:182)
	at net.fabricmc.loader.impl.game.minecraft.MinecraftGameProvider.launch(MinecraftGameProvider.java:480)
	at net.fabricmc.loader.impl.launch.knot.Knot.launch(Knot.java:74)
	at net.fabricmc.loader.impl.launch.knot.KnotServer.main(KnotServer.java:23)
	at net.fabricmc.loader.impl.launch.server.FabricServerLauncher.main(FabricServerLauncher.java:69)
	at net.fabricmc.installer.ServerLauncher.main(ServerLauncher.java:69)
[02:43:07] [main/DEBUG] [REI] ========================================
[02:43:07] [main/DEBUG] [REI] REIPlugin starting pre-reload for START.
[02:43:07] [main/DEBUG] [REI] Reloadables (7):
[02:43:07] [main/DEBUG] [REI]  - EntryTypeRegistryImpl
[02:43:07] [main/DEBUG] [REI]  - EntrySettingsAdapterRegistryImpl
[02:43:07] [main/DEBUG] [REI]  - RecipeManagerContextImpl
[02:43:07] [main/DEBUG] [REI]  - ItemComparatorRegistryImpl
[02:43:07] [main/DEBUG] [REI]  - FluidComparatorRegistryImpl
[02:43:07] [main/DEBUG] [REI]  - DisplaySerializerRegistryImpl
[02:43:07] [main/DEBUG] [REI]  - FluidSupportProviderImpl
[02:43:07] [main/DEBUG] [REI] Plugins (3):
[02:43:07] [main/DEBUG] [REI]  - (-100.00) DefaultPlugin of DefaultPlugin [roughlyenoughitems]
[02:43:07] [main/DEBUG] [REI]  - (0.00) FabricFluidAPISupportPlugin
[02:43:07] [main/DEBUG] [REI]  - (0.00) DefaultRuntimePlugin of DefaultRuntimePlugin [roughlyenoughitems]
[02:43:07] [main/DEBUG] [REI] ========================================
[02:43:07] [main/TRACE] [REI] [REIPlugin START] Reloading Section: "pre-register/"
[02:43:07] [main/TRACE] [REI] [REIPlugin START] Reloading Section: "pre-register/DefaultPlugin of DefaultPlugin [roughlyenoughitems]/"
[02:43:07] [main/TRACE] [REI] [REIPlugin START] Reloading Section: "pre-register/DefaultPlugin of DefaultPlugin [roughlyenoughitems]/" done in 857.4 μs
[02:43:07] [main/TRACE] [REI] [REIPlugin START] Reloading Section: "pre-register/FabricFluidAPISupportPlugin/"
[02:43:07] [main/TRACE] [REI] [REIPlugin START] Reloading Section: "pre-register/FabricFluidAPISupportPlugin/" done in 57.05 μs
[02:43:07] [main/TRACE] [REI] [REIPlugin START] Reloading Section: "pre-register/DefaultRuntimePlugin of DefaultRuntimePlugin [roughlyenoughitems]/"
[02:43:07] [main/TRACE] [REI] [REIPlugin START] Reloading Section: "pre-register/DefaultRuntimePlugin of DefaultRuntimePlugin [roughlyenoughitems]/" done in 68.44 μs
[02:43:07] [main/TRACE] [REI] [REIPlugin START] Reloading Section: "pre-register/" done in 11.57 ms
[02:43:07] [main/TRACE] [REI] [REIPlugin START] Reloading Section: "pre-stage/"
[02:43:07] [main/TRACE] [REI] [REIPlugin START] Reloading Section: "pre-stage/EntryTypeRegistryImpl/"
[02:43:07] [main/TRACE] [REI] [REIPlugin START] Reloading Section: "pre-stage/EntryTypeRegistryImpl/" done in 226.7 μs
[02:43:07] [main/TRACE] [REI] [REIPlugin START] Reloading Section: "pre-stage/EntrySettingsAdapterRegistryImpl/"
[02:43:07] [main/TRACE] [REI] [REIPlugin START] Reloading Section: "pre-stage/EntrySettingsAdapterRegistryImpl/" done in 64.76 μs
[02:43:07] [main/TRACE] [REI] [REIPlugin START] Reloading Section: "pre-stage/RecipeManagerContextImpl/"
[02:43:07] [main/TRACE] [REI] [REIPlugin START] Reloading Section: "pre-stage/RecipeManagerContextImpl/" done in 40.43 μs
[02:43:07] [main/TRACE] [REI] [REIPlugin START] Reloading Section: "pre-stage/ItemComparatorRegistryImpl/"
[02:43:07] [main/TRACE] [REI] [REIPlugin START] Reloading Section: "pre-stage/ItemComparatorRegistryImpl/" done in 174.0 μs
[02:43:07] [main/TRACE] [REI] [REIPlugin START] Reloading Section: "pre-stage/FluidComparatorRegistryImpl/"
[02:43:07] [main/TRACE] [REI] [REIPlugin START] Reloading Section: "pre-stage/FluidComparatorRegistryImpl/" done in 136.8 μs
[02:43:07] [main/TRACE] [REI] [REIPlugin START] Reloading Section: "pre-stage/DisplaySerializerRegistryImpl/"
[02:43:07] [main/TRACE] [REI] [REIPlugin START] Reloading Section: "pre-stage/DisplaySerializerRegistryImpl/" done in 99.18 μs
[02:43:07] [main/TRACE] [REI] [REIPlugin START] Reloading Section: "pre-stage/FluidSupportProviderImpl/"
[02:43:07] [main/TRACE] [REI] [REIPlugin START] Reloading Section: "pre-stage/FluidSupportProviderImpl/" done in 79.95 μs
[02:43:07] [main/TRACE] [REI] [REIPlugin START] Reloading Section: "pre-stage/" done in 1.876 ms
[02:43:07] [main/DEBUG] [REI] ========================================
[02:43:07] [main/DEBUG] [REI] REIPlugin finished pre-reload for START in 13.95 ms.
[02:43:07] [main/DEBUG] [REI] ========================================
[02:43:07] [main/DEBUG] [REI] ========================================
[02:43:07] [main/DEBUG] [REI] REIServerPlugin starting pre-reload for START.
[02:43:07] [main/DEBUG] [REI] Reloadables (2):
[02:43:07] [main/DEBUG] [REI]  - MenuInfoRegistryImpl
[02:43:07] [main/DEBUG] [REI]  - SlotAccessorRegistryImpl
[02:43:07] [main/DEBUG] [REI] Plugins (3):
[02:43:07] [main/DEBUG] [REI]  - (-100.00) DefaultPlugin of DefaultPlugin [roughlyenoughitems]
[02:43:07] [main/DEBUG] [REI]  - (0.00) FabricFluidAPISupportPlugin
[02:43:07] [main/DEBUG] [REI]  - (0.00) DefaultRuntimePlugin of DefaultRuntimePlugin [roughlyenoughitems]
[02:43:07] [main/DEBUG] [REI] ========================================
[02:43:07] [main/TRACE] [REI] [REIServerPlugin START] Reloading Section: "pre-register/"
[02:43:07] [main/TRACE] [REI] [REIServerPlugin START] Reloading Section: "pre-register/DefaultPlugin of DefaultPlugin [roughlyenoughitems]/"
[02:43:07] [main/TRACE] [REI] [REIServerPlugin START] Reloading Section: "pre-register/DefaultPlugin of DefaultPlugin [roughlyenoughitems]/" done in 46.82 μs
[02:43:07] [main/TRACE] [REI] [REIServerPlugin START] Reloading Section: "pre-register/FabricFluidAPISupportPlugin/"
[02:43:07] [main/TRACE] [REI] [REIServerPlugin START] Reloading Section: "pre-register/FabricFluidAPISupportPlugin/" done in 73.33 μs
[02:43:07] [main/TRACE] [REI] [REIServerPlugin START] Reloading Section: "pre-register/DefaultRuntimePlugin of DefaultRuntimePlugin [roughlyenoughitems]/"
[02:43:07] [main/TRACE] [REI] [REIServerPlugin START] Reloading Section: "pre-register/DefaultRuntimePlugin of DefaultRuntimePlugin [roughlyenoughitems]/" done in 85.60 μs
[02:43:07] [main/TRACE] [REI] [REIServerPlugin START] Reloading Section: "pre-register/" done in 547.2 μs
[02:43:07] [main/TRACE] [REI] [REIServerPlugin START] Reloading Section: "pre-stage/"
[02:43:07] [main/TRACE] [REI] [REIServerPlugin START] Reloading Section: "pre-stage/MenuInfoRegistryImpl/"
[02:43:07] [main/TRACE] [REI] [REIServerPlugin START] Reloading Section: "pre-stage/MenuInfoRegistryImpl/" done in 44.60 μs
[02:43:07] [main/TRACE] [REI] [REIServerPlugin START] Reloading Section: "pre-stage/SlotAccessorRegistryImpl/"
[02:43:07] [main/TRACE] [REI] [REIServerPlugin START] Reloading Section: "pre-stage/SlotAccessorRegistryImpl/" done in 45.53 μs
[02:43:07] [main/TRACE] [REI] [REIServerPlugin START] Reloading Section: "pre-stage/" done in 299.6 μs
[02:43:07] [main/DEBUG] [REI] ========================================
[02:43:07] [main/DEBUG] [REI] REIServerPlugin finished pre-reload for START in 1.004 ms.
[02:43:07] [main/DEBUG] [REI] ========================================
[02:43:07] [main/INFO] [REI] OOOOOOOOOOOOOOOOOOOOOOOOOOOOOOOOOOOOOOOO
[02:43:07] [main/INFO] [REI] REIPlugin starting main-reload for START.
[02:43:07] [main/DEBUG] [REI] Reloadables (7):
[02:43:07] [main/DEBUG] [REI]  - EntryTypeRegistryImpl
[02:43:07] [main/DEBUG] [REI]  - EntrySettingsAdapterRegistryImpl
[02:43:07] [main/DEBUG] [REI]  - RecipeManagerContextImpl
[02:43:07] [main/DEBUG] [REI]  - ItemComparatorRegistryImpl
[02:43:07] [main/DEBUG] [REI]  - FluidComparatorRegistryImpl
[02:43:07] [main/DEBUG] [REI]  - DisplaySerializerRegistryImpl
[02:43:07] [main/DEBUG] [REI]  - FluidSupportProviderImpl
[02:43:07] [main/INFO] [REI] Plugins (3):
[02:43:07] [main/INFO] [REI]  - (-100.00) DefaultPlugin of DefaultPlugin [roughlyenoughitems]
[02:43:07] [main/INFO] [REI]  - (0.00) FabricFluidAPISupportPlugin
[02:43:07] [main/INFO] [REI]  - (0.00) DefaultRuntimePlugin of DefaultRuntimePlugin [roughlyenoughitems]
[02:43:07] [main/INFO] [REI] OOOOOOOOOOOOOOOOOOOOOOOOOOOOOOOOOOOOOOOO
[02:43:07] [main/TRACE] [REI] [REIPlugin START] Reloading Section: "start-reload/"
[02:43:07] [main/TRACE] [REI] [REIPlugin START] Reloading Section: "start-reload/EntryTypeRegistryImpl/"
[02:43:07] [main/TRACE] [REI] [REIPlugin START] Reloading Section: "start-reload/EntryTypeRegistryImpl/" done in 94.20 μs
[02:43:07] [main/TRACE] [REI] [REIPlugin START] Reloading Section: "start-reload/EntrySettingsAdapterRegistryImpl/"
[02:43:07] [main/TRACE] [REI] [REIPlugin START] Reloading Section: "start-reload/EntrySettingsAdapterRegistryImpl/" done in 53.15 μs
[02:43:07] [main/TRACE] [REI] [REIPlugin START] Reloading Section: "start-reload/RecipeManagerContextImpl/"
[02:43:07] [main/TRACE] [REI] [REIPlugin START] Reloading Section: "start-reload/RecipeManagerContextImpl/" done in 45.04 μs
[02:43:07] [main/TRACE] [REI] [REIPlugin START] Reloading Section: "start-reload/ItemComparatorRegistryImpl/"
[02:43:07] [main/TRACE] [REI] [REIPlugin START] Reloading Section: "start-reload/ItemComparatorRegistryImpl/" done in 60.59 μs
[02:43:07] [main/TRACE] [REI] [REIPlugin START] Reloading Section: "start-reload/FluidComparatorRegistryImpl/"
[02:43:07] [main/TRACE] [REI] [REIPlugin START] Reloading Section: "start-reload/FluidComparatorRegistryImpl/" done in 48.22 μs
[02:43:07] [main/TRACE] [REI] [REIPlugin START] Reloading Section: "start-reload/DisplaySerializerRegistryImpl/"
[02:43:07] [main/TRACE] [REI] [REIPlugin START] Reloading Section: "start-reload/DisplaySerializerRegistryImpl/" done in 62.16 μs
[02:43:07] [main/TRACE] [REI] [REIPlugin START] Reloading Section: "start-reload/FluidSupportProviderImpl/"
[02:43:07] [main/TRACE] [REI] [REIPlugin START] Reloading Section: "start-reload/FluidSupportProviderImpl/" done in 58.03 μs
[02:43:07] [main/TRACE] [REI] [REIPlugin START] Reloading Section: "start-reload/" done in 1.148 ms
[02:43:07] [main/DEBUG] [REI] ========================================
[02:43:07] [main/DEBUG] [REI] REIPlugin started main-reload for START.
[02:43:07] [main/DEBUG] [REI] ========================================
[02:43:07] [main/TRACE] [REI] [REIPlugin START] Reloading Section: "reloadable-plugin/EntryTypeRegistryImpl/"
[02:43:07] [main/TRACE] [REI] [REIPlugin START] Reloading Section: "reloadable-plugin/EntryTypeRegistryImpl/DefaultPlugin of DefaultPlugin [roughlyenoughitems]/"
[02:43:07] [main/TRACE] [REI] [REIPlugin START] Reloading Section: "reloadable-plugin/EntryTypeRegistryImpl/DefaultPlugin of DefaultPlugin [roughlyenoughitems]/" done in 218.8 μs
[02:43:07] [main/TRACE] [REI] [REIPlugin START] Reloading Section: "reloadable-plugin/EntryTypeRegistryImpl/FabricFluidAPISupportPlugin/"
[02:43:07] [main/TRACE] [REI] [REIPlugin START] Reloading Section: "reloadable-plugin/EntryTypeRegistryImpl/FabricFluidAPISupportPlugin/" done in 70.23 μs
[02:43:07] [main/TRACE] [REI] [REIPlugin START] Reloading Section: "reloadable-plugin/EntryTypeRegistryImpl/DefaultRuntimePlugin of DefaultRuntimePlugin [roughlyenoughitems]/"
[02:43:07] [main/TRACE] [REI] [REIPlugin START] Reloading Section: "reloadable-plugin/EntryTypeRegistryImpl/DefaultRuntimePlugin of DefaultRuntimePlugin [roughlyenoughitems]/" done in 3.474 ms
[02:43:07] [main/TRACE] [REI] [REIPlugin START] Reloading Section: "reloadable-plugin/EntryTypeRegistryImpl/" done in 4.515 ms
[02:43:07] [main/TRACE] [REI] [REIPlugin START] Reloading Section: "reloadable-plugin/EntrySettingsAdapterRegistryImpl/"
[02:43:07] [main/TRACE] [REI] [REIPlugin START] Reloading Section: "reloadable-plugin/EntrySettingsAdapterRegistryImpl/DefaultPlugin of DefaultPlugin [roughlyenoughitems]/"
[02:43:07] [main/TRACE] [REI] [REIPlugin START] Reloading Section: "reloadable-plugin/EntrySettingsAdapterRegistryImpl/DefaultPlugin of DefaultPlugin [roughlyenoughitems]/" done in 68.56 μs
[02:43:07] [main/TRACE] [REI] [REIPlugin START] Reloading Section: "reloadable-plugin/EntrySettingsAdapterRegistryImpl/FabricFluidAPISupportPlugin/"
[02:43:07] [main/TRACE] [REI] [REIPlugin START] Reloading Section: "reloadable-plugin/EntrySettingsAdapterRegistryImpl/FabricFluidAPISupportPlugin/" done in 52.43 μs
[02:43:07] [main/TRACE] [REI] [REIPlugin START] Reloading Section: "reloadable-plugin/EntrySettingsAdapterRegistryImpl/DefaultRuntimePlugin of DefaultRuntimePlugin [roughlyenoughitems]/"
[02:43:07] [main/TRACE] [REI] [REIPlugin START] Reloading Section: "reloadable-plugin/EntrySettingsAdapterRegistryImpl/DefaultRuntimePlugin of DefaultRuntimePlugin [roughlyenoughitems]/" done in 51.15 μs
[02:43:07] [main/TRACE] [REI] [REIPlugin START] Reloading Section: "reloadable-plugin/EntrySettingsAdapterRegistryImpl/" done in 525.9 μs
[02:43:07] [main/TRACE] [REI] [REIPlugin START] Reloading Section: "reloadable-plugin/RecipeManagerContextImpl/"
[02:43:07] [main/TRACE] [REI] [REIPlugin START] Reloading Section: "reloadable-plugin/RecipeManagerContextImpl/DefaultPlugin of DefaultPlugin [roughlyenoughitems]/"
[02:43:07] [main/TRACE] [REI] [REIPlugin START] Reloading Section: "reloadable-plugin/RecipeManagerContextImpl/DefaultPlugin of DefaultPlugin [roughlyenoughitems]/" done in 49.16 μs
[02:43:07] [main/TRACE] [REI] [REIPlugin START] Reloading Section: "reloadable-plugin/RecipeManagerContextImpl/FabricFluidAPISupportPlugin/"
[02:43:07] [main/TRACE] [REI] [REIPlugin START] Reloading Section: "reloadable-plugin/RecipeManagerContextImpl/FabricFluidAPISupportPlugin/" done in 52.09 μs
[02:43:07] [main/TRACE] [REI] [REIPlugin START] Reloading Section: "reloadable-plugin/RecipeManagerContextImpl/DefaultRuntimePlugin of DefaultRuntimePlugin [roughlyenoughitems]/"
[02:43:07] [main/TRACE] [REI] [REIPlugin START] Reloading Section: "reloadable-plugin/RecipeManagerContextImpl/DefaultRuntimePlugin of DefaultRuntimePlugin [roughlyenoughitems]/" done in 50.03 μs
[02:43:07] [main/TRACE] [REI] [REIPlugin START] Reloading Section: "reloadable-plugin/RecipeManagerContextImpl/" done in 482.5 μs
[02:43:07] [main/TRACE] [REI] [REIPlugin START] Reloading Section: "reloadable-plugin/ItemComparatorRegistryImpl/"
[02:43:07] [main/TRACE] [REI] [REIPlugin START] Reloading Section: "reloadable-plugin/ItemComparatorRegistryImpl/DefaultPlugin of DefaultPlugin [roughlyenoughitems]/"
[02:43:07] [main/TRACE] [REI] [REIPlugin START] Reloading Section: "reloadable-plugin/ItemComparatorRegistryImpl/DefaultPlugin of DefaultPlugin [roughlyenoughitems]/" done in 733.5 μs
[02:43:07] [main/TRACE] [REI] [REIPlugin START] Reloading Section: "reloadable-plugin/ItemComparatorRegistryImpl/FabricFluidAPISupportPlugin/"
[02:43:07] [main/TRACE] [REI] [REIPlugin START] Reloading Section: "reloadable-plugin/ItemComparatorRegistryImpl/FabricFluidAPISupportPlugin/" done in 59.58 μs
[02:43:07] [main/TRACE] [REI] [REIPlugin START] Reloading Section: "reloadable-plugin/ItemComparatorRegistryImpl/DefaultRuntimePlugin of DefaultRuntimePlugin [roughlyenoughitems]/"
[02:43:07] [main/TRACE] [REI] [REIPlugin START] Reloading Section: "reloadable-plugin/ItemComparatorRegistryImpl/DefaultRuntimePlugin of DefaultRuntimePlugin [roughlyenoughitems]/" done in 51.20 μs
[02:43:07] [main/TRACE] [REI] [REIPlugin START] Reloading Section: "reloadable-plugin/ItemComparatorRegistryImpl/" done in 1.238 ms
[02:43:07] [main/TRACE] [REI] [REIPlugin START] Reloading Section: "reloadable-plugin/FluidComparatorRegistryImpl/"
[02:43:07] [main/TRACE] [REI] [REIPlugin START] Reloading Section: "reloadable-plugin/FluidComparatorRegistryImpl/DefaultPlugin of DefaultPlugin [roughlyenoughitems]/"
[02:43:07] [main/TRACE] [REI] [REIPlugin START] Reloading Section: "reloadable-plugin/FluidComparatorRegistryImpl/DefaultPlugin of DefaultPlugin [roughlyenoughitems]/" done in 54.12 μs
[02:43:07] [main/TRACE] [REI] [REIPlugin START] Reloading Section: "reloadable-plugin/FluidComparatorRegistryImpl/FabricFluidAPISupportPlugin/"
[02:43:07] [main/TRACE] [REI] [REIPlugin START] Reloading Section: "reloadable-plugin/FluidComparatorRegistryImpl/FabricFluidAPISupportPlugin/" done in 52.51 μs
[02:43:07] [main/TRACE] [REI] [REIPlugin START] Reloading Section: "reloadable-plugin/FluidComparatorRegistryImpl/DefaultRuntimePlugin of DefaultRuntimePlugin [roughlyenoughitems]/"
[02:43:07] [main/TRACE] [REI] [REIPlugin START] Reloading Section: "reloadable-plugin/FluidComparatorRegistryImpl/DefaultRuntimePlugin of DefaultRuntimePlugin [roughlyenoughitems]/" done in 48.48 μs
[02:43:07] [main/TRACE] [REI] [REIPlugin START] Reloading Section: "reloadable-plugin/FluidComparatorRegistryImpl/" done in 554.3 μs
[02:43:07] [main/TRACE] [REI] [REIPlugin START] Reloading Section: "reloadable-plugin/DisplaySerializerRegistryImpl/"
[02:43:07] [main/TRACE] [REI] [REIPlugin START] Reloading Section: "reloadable-plugin/DisplaySerializerRegistryImpl/DefaultPlugin of DefaultPlugin [roughlyenoughitems]/"
[02:43:07] [main/TRACE] [REI] [REIPlugin START] Reloading Section: "reloadable-plugin/DisplaySerializerRegistryImpl/DefaultPlugin of DefaultPlugin [roughlyenoughitems]/" done in 49.40 μs
[02:43:07] [main/TRACE] [REI] [REIPlugin START] Reloading Section: "reloadable-plugin/DisplaySerializerRegistryImpl/FabricFluidAPISupportPlugin/"
[02:43:07] [main/TRACE] [REI] [REIPlugin START] Reloading Section: "reloadable-plugin/DisplaySerializerRegistryImpl/FabricFluidAPISupportPlugin/" done in 46.90 μs
[02:43:07] [main/TRACE] [REI] [REIPlugin START] Reloading Section: "reloadable-plugin/DisplaySerializerRegistryImpl/DefaultRuntimePlugin of DefaultRuntimePlugin [roughlyenoughitems]/"
[02:43:07] [main/TRACE] [REI] [REIPlugin START] Reloading Section: "reloadable-plugin/DisplaySerializerRegistryImpl/DefaultRuntimePlugin of DefaultRuntimePlugin [roughlyenoughitems]/" done in 47.27 μs
[02:43:07] [main/TRACE] [REI] [REIPlugin START] Reloading Section: "reloadable-plugin/DisplaySerializerRegistryImpl/" done in 455.6 μs
[02:43:07] [main/TRACE] [REI] [REIPlugin START] Reloading Section: "reloadable-plugin/FluidSupportProviderImpl/"
[02:43:07] [main/TRACE] [REI] [REIPlugin START] Reloading Section: "reloadable-plugin/FluidSupportProviderImpl/DefaultPlugin of DefaultPlugin [roughlyenoughitems]/"
[02:43:07] [main/TRACE] [REI] [REIPlugin START] Reloading Section: "reloadable-plugin/FluidSupportProviderImpl/DefaultPlugin of DefaultPlugin [roughlyenoughitems]/" done in 358.7 μs
[02:43:07] [main/TRACE] [REI] [REIPlugin START] Reloading Section: "reloadable-plugin/FluidSupportProviderImpl/FabricFluidAPISupportPlugin/"
[02:43:07] [main/TRACE] [REI] [REIPlugin START] Reloading Section: "reloadable-plugin/FluidSupportProviderImpl/FabricFluidAPISupportPlugin/" done in 172.4 μs
[02:43:07] [main/TRACE] [REI] [REIPlugin START] Reloading Section: "reloadable-plugin/FluidSupportProviderImpl/DefaultRuntimePlugin of DefaultRuntimePlugin [roughlyenoughitems]/"
[02:43:07] [main/TRACE] [REI] [REIPlugin START] Reloading Section: "reloadable-plugin/FluidSupportProviderImpl/DefaultRuntimePlugin of DefaultRuntimePlugin [roughlyenoughitems]/" done in 53.99 μs
[02:43:07] [main/TRACE] [REI] [REIPlugin START] Reloading Section: "reloadable-plugin/FluidSupportProviderImpl/" done in 943.5 μs
[02:43:07] [main/DEBUG] [REI] ========================================
[02:43:07] [main/DEBUG] [REI] REIPlugin ending main-reload for START.
[02:43:07] [main/DEBUG] [REI] ========================================
[02:43:07] [main/TRACE] [REI] [REIPlugin START] Reloading Section: "end-reload/"
[02:43:07] [main/TRACE] [REI] [REIPlugin START] Reloading Section: "end-reload/EntryTypeRegistryImpl/"
[02:43:07] [main/TRACE] [REI] [REIPlugin START] Reloading Section: "end-reload/EntryTypeRegistryImpl/" done in 55.11 μs
[02:43:07] [main/TRACE] [REI] [REIPlugin START] Reloading Section: "end-reload/EntrySettingsAdapterRegistryImpl/"
[02:43:07] [main/TRACE] [REI] [REIPlugin START] Reloading Section: "end-reload/EntrySettingsAdapterRegistryImpl/" done in 42.82 μs
[02:43:07] [main/TRACE] [REI] [REIPlugin START] Reloading Section: "end-reload/RecipeManagerContextImpl/"
[02:43:07] [main/TRACE] [REI] [REIPlugin START] Reloading Section: "end-reload/RecipeManagerContextImpl/" done in 42.58 μs
[02:43:07] [main/TRACE] [REI] [REIPlugin START] Reloading Section: "end-reload/ItemComparatorRegistryImpl/"
[02:43:07] [main/TRACE] [REI] [REIPlugin START] Reloading Section: "end-reload/ItemComparatorRegistryImpl/" done in 40.14 μs
[02:43:07] [main/TRACE] [REI] [REIPlugin START] Reloading Section: "end-reload/FluidComparatorRegistryImpl/"
[02:43:07] [main/TRACE] [REI] [REIPlugin START] Reloading Section: "end-reload/FluidComparatorRegistryImpl/" done in 38.77 μs
[02:43:07] [main/TRACE] [REI] [REIPlugin START] Reloading Section: "end-reload/DisplaySerializerRegistryImpl/"
[02:43:07] [main/TRACE] [REI] [REIPlugin START] Reloading Section: "end-reload/DisplaySerializerRegistryImpl/" done in 39.51 μs
[02:43:07] [main/TRACE] [REI] [REIPlugin START] Reloading Section: "end-reload/FluidSupportProviderImpl/"
[02:43:07] [main/TRACE] [REI] [REIPlugin START] Reloading Section: "end-reload/FluidSupportProviderImpl/" done in 169.0 μs
[02:43:07] [main/TRACE] [REI] [REIPlugin START] Reloading Section: "end-reload/" done in 1.182 ms
[02:43:07] [main/DEBUG] [REI] ========================================
[02:43:07] [main/DEBUG] [REI] REIPlugin ended main-reload for START in 15.07 ms.
[02:43:07] [main/DEBUG] [REI] ========================================
[02:43:07] [main/INFO] [REI] %%%%%%%%%%%%%%%%%%%%%%%%%%%%%%%%%%%%%%%%
[02:43:07] [main/INFO] [REI] REIServerPlugin starting main-reload for START.
[02:43:07] [main/DEBUG] [REI] Reloadables (2):
[02:43:07] [main/DEBUG] [REI]  - MenuInfoRegistryImpl
[02:43:07] [main/DEBUG] [REI]  - SlotAccessorRegistryImpl
[02:43:07] [main/INFO] [REI] Plugins (3):
[02:43:07] [main/INFO] [REI]  - (-100.00) DefaultPlugin of DefaultPlugin [roughlyenoughitems]
[02:43:07] [main/INFO] [REI]  - (0.00) FabricFluidAPISupportPlugin
[02:43:07] [main/INFO] [REI]  - (0.00) DefaultRuntimePlugin of DefaultRuntimePlugin [roughlyenoughitems]
[02:43:07] [main/INFO] [REI] %%%%%%%%%%%%%%%%%%%%%%%%%%%%%%%%%%%%%%%%
[02:43:07] [main/TRACE] [REI] [REIServerPlugin START] Reloading Section: "start-reload/"
[02:43:07] [main/TRACE] [REI] [REIServerPlugin START] Reloading Section: "start-reload/MenuInfoRegistryImpl/"
[02:43:07] [main/TRACE] [REI] [REIServerPlugin START] Reloading Section: "start-reload/MenuInfoRegistryImpl/" done in 126.7 μs
[02:43:07] [main/TRACE] [REI] [REIServerPlugin START] Reloading Section: "start-reload/SlotAccessorRegistryImpl/"
[02:43:07] [main/TRACE] [REI] [REIServerPlugin START] Reloading Section: "start-reload/SlotAccessorRegistryImpl/" done in 47.65 μs
[02:43:07] [main/TRACE] [REI] [REIServerPlugin START] Reloading Section: "start-reload/" done in 539.3 μs
[02:43:07] [main/DEBUG] [REI] ========================================
[02:43:07] [main/DEBUG] [REI] REIServerPlugin started main-reload for START.
[02:43:07] [main/DEBUG] [REI] ========================================
[02:43:07] [main/TRACE] [REI] [REIServerPlugin START] Reloading Section: "reloadable-plugin/MenuInfoRegistryImpl/"
[02:43:07] [main/TRACE] [REI] [REIServerPlugin START] Reloading Section: "reloadable-plugin/MenuInfoRegistryImpl/DefaultPlugin of DefaultPlugin [roughlyenoughitems]/"
[02:43:07] [main/TRACE] [REI] [REIServerPlugin START] Reloading Section: "reloadable-plugin/MenuInfoRegistryImpl/DefaultPlugin of DefaultPlugin [roughlyenoughitems]/" done in 49.76 μs
[02:43:07] [main/TRACE] [REI] [REIServerPlugin START] Reloading Section: "reloadable-plugin/MenuInfoRegistryImpl/FabricFluidAPISupportPlugin/"
[02:43:07] [main/TRACE] [REI] [REIServerPlugin START] Reloading Section: "reloadable-plugin/MenuInfoRegistryImpl/FabricFluidAPISupportPlugin/" done in 49.23 μs
[02:43:07] [main/TRACE] [REI] [REIServerPlugin START] Reloading Section: "reloadable-plugin/MenuInfoRegistryImpl/DefaultRuntimePlugin of DefaultRuntimePlugin [roughlyenoughitems]/"
[02:43:07] [main/TRACE] [REI] [REIServerPlugin START] Reloading Section: "reloadable-plugin/MenuInfoRegistryImpl/DefaultRuntimePlugin of DefaultRuntimePlugin [roughlyenoughitems]/" done in 49.95 μs
[02:43:07] [main/TRACE] [REI] [REIServerPlugin START] Reloading Section: "reloadable-plugin/MenuInfoRegistryImpl/" done in 498.5 μs
[02:43:07] [main/TRACE] [REI] [REIServerPlugin START] Reloading Section: "reloadable-plugin/SlotAccessorRegistryImpl/"
[02:43:07] [main/TRACE] [REI] [REIServerPlugin START] Reloading Section: "reloadable-plugin/SlotAccessorRegistryImpl/DefaultPlugin of DefaultPlugin [roughlyenoughitems]/"
[02:43:07] [main/TRACE] [REI] [REIServerPlugin START] Reloading Section: "reloadable-plugin/SlotAccessorRegistryImpl/DefaultPlugin of DefaultPlugin [roughlyenoughitems]/" done in 46.53 μs
[02:43:07] [main/TRACE] [REI] [REIServerPlugin START] Reloading Section: "reloadable-plugin/SlotAccessorRegistryImpl/FabricFluidAPISupportPlugin/"
[02:43:07] [main/TRACE] [REI] [REIServerPlugin START] Reloading Section: "reloadable-plugin/SlotAccessorRegistryImpl/FabricFluidAPISupportPlugin/" done in 48.65 μs
[02:43:07] [main/TRACE] [REI] [REIServerPlugin START] Reloading Section: "reloadable-plugin/SlotAccessorRegistryImpl/DefaultRuntimePlugin of DefaultRuntimePlugin [roughlyenoughitems]/"
[02:43:07] [main/TRACE] [REI] [REIServerPlugin START] Reloading Section: "reloadable-plugin/SlotAccessorRegistryImpl/DefaultRuntimePlugin of DefaultRuntimePlugin [roughlyenoughitems]/" done in 54.24 μs
[02:43:07] [main/TRACE] [REI] [REIServerPlugin START] Reloading Section: "reloadable-plugin/SlotAccessorRegistryImpl/" done in 489.5 μs
[02:43:07] [main/DEBUG] [REI] ========================================
[02:43:07] [main/DEBUG] [REI] REIServerPlugin ending main-reload for START.
[02:43:07] [main/DEBUG] [REI] ========================================
[02:43:07] [main/TRACE] [REI] [REIServerPlugin START] Reloading Section: "end-reload/"
[02:43:07] [main/TRACE] [REI] [REIServerPlugin START] Reloading Section: "end-reload/MenuInfoRegistryImpl/"
[02:43:07] [main/TRACE] [REI] [REIServerPlugin START] Reloading Section: "end-reload/MenuInfoRegistryImpl/" done in 40.49 μs
[02:43:07] [main/TRACE] [REI] [REIServerPlugin START] Reloading Section: "end-reload/SlotAccessorRegistryImpl/"
[02:43:07] [main/TRACE] [REI] [REIServerPlugin START] Reloading Section: "end-reload/SlotAccessorRegistryImpl/" done in 62.64 μs
[02:43:07] [main/TRACE] [REI] [REIServerPlugin START] Reloading Section: "end-reload/" done in 316.7 μs
[02:43:07] [main/DEBUG] [REI] ========================================
[02:43:07] [main/DEBUG] [REI] REIServerPlugin ended main-reload for START in 5.740 ms.
[02:43:07] [main/DEBUG] [REI] ========================================
[02:43:07] [main/DEBUG] [REI] ========================================
[02:43:07] [main/DEBUG] [REI] REIPlugin starting post-reload for START.
[02:43:07] [main/DEBUG] [REI] Reloadables (7):
[02:43:07] [main/DEBUG] [REI]  - EntryTypeRegistryImpl
[02:43:07] [main/DEBUG] [REI]  - EntrySettingsAdapterRegistryImpl
[02:43:07] [main/DEBUG] [REI]  - RecipeManagerContextImpl
[02:43:07] [main/DEBUG] [REI]  - ItemComparatorRegistryImpl
[02:43:07] [main/DEBUG] [REI]  - FluidComparatorRegistryImpl
[02:43:07] [main/DEBUG] [REI]  - DisplaySerializerRegistryImpl
[02:43:07] [main/DEBUG] [REI]  - FluidSupportProviderImpl
[02:43:07] [main/DEBUG] [REI] Plugins (3):
[02:43:07] [main/DEBUG] [REI]  - (-100.00) DefaultPlugin of DefaultPlugin [roughlyenoughitems]
[02:43:07] [main/DEBUG] [REI]  - (0.00) FabricFluidAPISupportPlugin
[02:43:07] [main/DEBUG] [REI]  - (0.00) DefaultRuntimePlugin of DefaultRuntimePlugin [roughlyenoughitems]
[02:43:07] [main/DEBUG] [REI] ========================================
[02:43:07] [main/TRACE] [REI] [REIPlugin START] Reloading Section: "post-register/"
[02:43:07] [main/TRACE] [REI] [REIPlugin START] Reloading Section: "post-register/DefaultPlugin of DefaultPlugin [roughlyenoughitems]/"
[02:43:07] [main/TRACE] [REI] [REIPlugin START] Reloading Section: "post-register/DefaultPlugin of DefaultPlugin [roughlyenoughitems]/" done in 217.3 μs
[02:43:07] [main/TRACE] [REI] [REIPlugin START] Reloading Section: "post-register/FabricFluidAPISupportPlugin/"
[02:43:07] [main/TRACE] [REI] [REIPlugin START] Reloading Section: "post-register/FabricFluidAPISupportPlugin/" done in 55.25 μs
[02:43:07] [main/TRACE] [REI] [REIPlugin START] Reloading Section: "post-register/DefaultRuntimePlugin of DefaultRuntimePlugin [roughlyenoughitems]/"
[02:43:07] [main/TRACE] [REI] [REIPlugin START] Reloading Section: "post-register/DefaultRuntimePlugin of DefaultRuntimePlugin [roughlyenoughitems]/" done in 47.19 μs
[02:43:07] [main/TRACE] [REI] [REIPlugin START] Reloading Section: "post-register/" done in 929.2 μs
[02:43:07] [main/TRACE] [REI] [REIPlugin START] Reloading Section: "post-stage/"
[02:43:07] [main/TRACE] [REI] [REIPlugin START] Reloading Section: "post-stage/EntryTypeRegistryImpl/"
[02:43:07] [main/TRACE] [REI] [REIPlugin START] Reloading Section: "post-stage/EntryTypeRegistryImpl/" done in 56.93 μs
[02:43:07] [main/TRACE] [REI] [REIPlugin START] Reloading Section: "post-stage/EntrySettingsAdapterRegistryImpl/"
[02:43:07] [main/TRACE] [REI] [REIPlugin START] Reloading Section: "post-stage/EntrySettingsAdapterRegistryImpl/" done in 43.57 μs
[02:43:07] [main/TRACE] [REI] [REIPlugin START] Reloading Section: "post-stage/RecipeManagerContextImpl/"
[02:43:07] [main/TRACE] [REI] [REIPlugin START] Reloading Section: "post-stage/RecipeManagerContextImpl/" done in 49.21 μs
[02:43:07] [main/TRACE] [REI] [REIPlugin START] Reloading Section: "post-stage/ItemComparatorRegistryImpl/"
[02:43:07] [main/TRACE] [REI] [REIPlugin START] Reloading Section: "post-stage/ItemComparatorRegistryImpl/" done in 49.42 μs
[02:43:07] [main/TRACE] [REI] [REIPlugin START] Reloading Section: "post-stage/FluidComparatorRegistryImpl/"
[02:43:07] [main/TRACE] [REI] [REIPlugin START] Reloading Section: "post-stage/FluidComparatorRegistryImpl/" done in 44.70 μs
[02:43:07] [main/TRACE] [REI] [REIPlugin START] Reloading Section: "post-stage/DisplaySerializerRegistryImpl/"
[02:43:07] [main/TRACE] [REI] [REIPlugin START] Reloading Section: "post-stage/DisplaySerializerRegistryImpl/" done in 43.46 μs
[02:43:07] [main/TRACE] [REI] [REIPlugin START] Reloading Section: "post-stage/FluidSupportProviderImpl/"
[02:43:07] [main/TRACE] [REI] [REIPlugin START] Reloading Section: "post-stage/FluidSupportProviderImpl/" done in 54.31 μs
[02:43:07] [main/TRACE] [REI] [REIPlugin START] Reloading Section: "post-stage/" done in 1.033 ms
[02:43:07] [main/DEBUG] [REI] ========================================
[02:43:07] [main/INFO] [REI] REIPlugin finished post-reload for START in 2.102 ms, totaling 31.00 ms.
[02:43:07] [main/DEBUG] [REI] ========================================
[02:43:07] [main/DEBUG] [REI] ========================================
[02:43:07] [main/DEBUG] [REI] REIServerPlugin starting post-reload for START.
[02:43:07] [main/DEBUG] [REI] Reloadables (2):
[02:43:07] [main/DEBUG] [REI]  - MenuInfoRegistryImpl
[02:43:07] [main/DEBUG] [REI]  - SlotAccessorRegistryImpl
[02:43:07] [main/DEBUG] [REI] Plugins (3):
[02:43:07] [main/DEBUG] [REI]  - (-100.00) DefaultPlugin of DefaultPlugin [roughlyenoughitems]
[02:43:07] [main/DEBUG] [REI]  - (0.00) FabricFluidAPISupportPlugin
[02:43:07] [main/DEBUG] [REI]  - (0.00) DefaultRuntimePlugin of DefaultRuntimePlugin [roughlyenoughitems]
[02:43:07] [main/DEBUG] [REI] ========================================
[02:43:07] [main/TRACE] [REI] [REIServerPlugin START] Reloading Section: "post-register/"
[02:43:07] [main/TRACE] [REI] [REIServerPlugin START] Reloading Section: "post-register/DefaultPlugin of DefaultPlugin [roughlyenoughitems]/"
[02:43:07] [main/TRACE] [REI] [REIServerPlugin START] Reloading Section: "post-register/DefaultPlugin of DefaultPlugin [roughlyenoughitems]/" done in 105.5 μs
[02:43:07] [main/TRACE] [REI] [REIServerPlugin START] Reloading Section: "post-register/FabricFluidAPISupportPlugin/"
[02:43:07] [main/TRACE] [REI] [REIServerPlugin START] Reloading Section: "post-register/FabricFluidAPISupportPlugin/" done in 38.37 μs
[02:43:07] [main/TRACE] [REI] [REIServerPlugin START] Reloading Section: "post-register/DefaultRuntimePlugin of DefaultRuntimePlugin [roughlyenoughitems]/"
[02:43:07] [main/TRACE] [REI] [REIServerPlugin START] Reloading Section: "post-register/DefaultRuntimePlugin of DefaultRuntimePlugin [roughlyenoughitems]/" done in 34.92 μs
[02:43:07] [main/TRACE] [REI] [REIServerPlugin START] Reloading Section: "post-register/" done in 538.5 μs
[02:43:07] [main/TRACE] [REI] [REIServerPlugin START] Reloading Section: "post-stage/"
[02:43:07] [main/TRACE] [REI] [REIServerPlugin START] Reloading Section: "post-stage/MenuInfoRegistryImpl/"
[02:43:07] [main/TRACE] [REI] [REIServerPlugin START] Reloading Section: "post-stage/MenuInfoRegistryImpl/" done in 46.82 μs
[02:43:07] [main/TRACE] [REI] [REIServerPlugin START] Reloading Section: "post-stage/SlotAccessorRegistryImpl/"
[02:43:07] [main/TRACE] [REI] [REIServerPlugin START] Reloading Section: "post-stage/SlotAccessorRegistryImpl/" done in 47.70 μs
[02:43:07] [main/TRACE] [REI] [REIServerPlugin START] Reloading Section: "post-stage/" done in 335.0 μs
[02:43:07] [main/DEBUG] [REI] ========================================
[02:43:07] [main/INFO] [REI] REIServerPlugin finished post-reload for START in 1.039 ms, totaling 7.747 ms.
[02:43:07] [main/DEBUG] [REI] ========================================
[02:43:07] [main/DEBUG] [REI] ========================================
[02:43:07] [main/DEBUG] [REI] REIPlugin starting pre-reload for END.
[02:43:07] [main/DEBUG] [REI] Reloadables (7):
[02:43:07] [main/DEBUG] [REI]  - EntryTypeRegistryImpl
[02:43:07] [main/DEBUG] [REI]  - EntrySettingsAdapterRegistryImpl
[02:43:07] [main/DEBUG] [REI]  - RecipeManagerContextImpl
[02:43:07] [main/DEBUG] [REI]  - ItemComparatorRegistryImpl
[02:43:07] [main/DEBUG] [REI]  - FluidComparatorRegistryImpl
[02:43:07] [main/DEBUG] [REI]  - DisplaySerializerRegistryImpl
[02:43:07] [main/DEBUG] [REI]  - FluidSupportProviderImpl
[02:43:07] [main/DEBUG] [REI] Plugins (3):
[02:43:07] [main/DEBUG] [REI]  - (-100.00) DefaultPlugin of DefaultPlugin [roughlyenoughitems]
[02:43:07] [main/DEBUG] [REI]  - (0.00) FabricFluidAPISupportPlugin
[02:43:07] [main/DEBUG] [REI]  - (0.00) DefaultRuntimePlugin of DefaultRuntimePlugin [roughlyenoughitems]
[02:43:07] [main/DEBUG] [REI] ========================================
[02:43:07] [main/TRACE] [REI] [REIPlugin END] Reloading Section: "pre-register/"
[02:43:07] [main/TRACE] [REI] [REIPlugin END] Reloading Section: "pre-register/DefaultPlugin of DefaultPlugin [roughlyenoughitems]/"
[02:43:07] [main/TRACE] [REI] [REIPlugin END] Reloading Section: "pre-register/DefaultPlugin of DefaultPlugin [roughlyenoughitems]/" done in 40.76 μs
[02:43:07] [main/TRACE] [REI] [REIPlugin END] Reloading Section: "pre-register/FabricFluidAPISupportPlugin/"
[02:43:07] [main/TRACE] [REI] [REIPlugin END] Reloading Section: "pre-register/FabricFluidAPISupportPlugin/" done in 38.88 μs
[02:43:07] [main/TRACE] [REI] [REIPlugin END] Reloading Section: "pre-register/DefaultRuntimePlugin of DefaultRuntimePlugin [roughlyenoughitems]/"
[02:43:07] [main/TRACE] [REI] [REIPlugin END] Reloading Section: "pre-register/DefaultRuntimePlugin of DefaultRuntimePlugin [roughlyenoughitems]/" done in 40.49 μs
[02:43:07] [main/TRACE] [REI] [REIPlugin END] Reloading Section: "pre-register/" done in 404.4 μs
[02:43:07] [main/TRACE] [REI] [REIPlugin END] Reloading Section: "pre-stage/"
[02:43:07] [main/TRACE] [REI] [REIPlugin END] Reloading Section: "pre-stage/EntryTypeRegistryImpl/"
[02:43:07] [main/TRACE] [REI] [REIPlugin END] Reloading Section: "pre-stage/EntryTypeRegistryImpl/" done in 37.36 μs
[02:43:07] [main/TRACE] [REI] [REIPlugin END] Reloading Section: "pre-stage/EntrySettingsAdapterRegistryImpl/"
[02:43:07] [main/TRACE] [REI] [REIPlugin END] Reloading Section: "pre-stage/EntrySettingsAdapterRegistryImpl/" done in 38.52 μs
[02:43:07] [main/TRACE] [REI] [REIPlugin END] Reloading Section: "pre-stage/RecipeManagerContextImpl/"
[02:43:07] [main/TRACE] [REI] [REIPlugin END] Reloading Section: "pre-stage/RecipeManagerContextImpl/" done in 36.28 μs
[02:43:07] [main/TRACE] [REI] [REIPlugin END] Reloading Section: "pre-stage/ItemComparatorRegistryImpl/"
[02:43:07] [main/TRACE] [REI] [REIPlugin END] Reloading Section: "pre-stage/ItemComparatorRegistryImpl/" done in 36.98 μs
[02:43:07] [main/TRACE] [REI] [REIPlugin END] Reloading Section: "pre-stage/FluidComparatorRegistryImpl/"
[02:43:07] [main/TRACE] [REI] [REIPlugin END] Reloading Section: "pre-stage/FluidComparatorRegistryImpl/" done in 45.54 μs
[02:43:07] [main/TRACE] [REI] [REIPlugin END] Reloading Section: "pre-stage/DisplaySerializerRegistryImpl/"
[02:43:07] [main/TRACE] [REI] [REIPlugin END] Reloading Section: "pre-stage/DisplaySerializerRegistryImpl/" done in 78.41 μs
[02:43:07] [main/TRACE] [REI] [REIPlugin END] Reloading Section: "pre-stage/FluidSupportProviderImpl/"
[02:43:07] [main/TRACE] [REI] [REIPlugin END] Reloading Section: "pre-stage/FluidSupportProviderImpl/" done in 37.91 μs
[02:43:07] [main/TRACE] [REI] [REIPlugin END] Reloading Section: "pre-stage/" done in 874.9 μs
[02:43:07] [main/DEBUG] [REI] ========================================
[02:43:07] [main/DEBUG] [REI] REIPlugin finished pre-reload for END in 1.407 ms.
[02:43:07] [main/DEBUG] [REI] ========================================
[02:43:07] [main/DEBUG] [REI] ========================================
[02:43:07] [main/DEBUG] [REI] REIServerPlugin starting pre-reload for END.
[02:43:07] [main/DEBUG] [REI] Reloadables (2):
[02:43:07] [main/DEBUG] [REI]  - MenuInfoRegistryImpl
[02:43:07] [main/DEBUG] [REI]  - SlotAccessorRegistryImpl
[02:43:07] [main/DEBUG] [REI] Plugins (3):
[02:43:07] [main/DEBUG] [REI]  - (-100.00) DefaultPlugin of DefaultPlugin [roughlyenoughitems]
[02:43:07] [main/DEBUG] [REI]  - (0.00) FabricFluidAPISupportPlugin
[02:43:07] [main/DEBUG] [REI]  - (0.00) DefaultRuntimePlugin of DefaultRuntimePlugin [roughlyenoughitems]
[02:43:07] [main/DEBUG] [REI] ========================================
[02:43:07] [main/TRACE] [REI] [REIServerPlugin END] Reloading Section: "pre-register/"
[02:43:07] [main/TRACE] [REI] [REIServerPlugin END] Reloading Section: "pre-register/DefaultPlugin of DefaultPlugin [roughlyenoughitems]/"
[02:43:07] [main/TRACE] [REI] [REIServerPlugin END] Reloading Section: "pre-register/DefaultPlugin of DefaultPlugin [roughlyenoughitems]/" done in 36.62 μs
[02:43:07] [main/TRACE] [REI] [REIServerPlugin END] Reloading Section: "pre-register/FabricFluidAPISupportPlugin/"
[02:43:07] [main/TRACE] [REI] [REIServerPlugin END] Reloading Section: "pre-register/FabricFluidAPISupportPlugin/" done in 39.62 μs
[02:43:07] [main/TRACE] [REI] [REIServerPlugin END] Reloading Section: "pre-register/DefaultRuntimePlugin of DefaultRuntimePlugin [roughlyenoughitems]/"
[02:43:07] [main/TRACE] [REI] [REIServerPlugin END] Reloading Section: "pre-register/DefaultRuntimePlugin of DefaultRuntimePlugin [roughlyenoughitems]/" done in 215.7 μs
[02:43:07] [main/TRACE] [REI] [REIServerPlugin END] Reloading Section: "pre-register/" done in 652.4 μs
[02:43:07] [main/TRACE] [REI] [REIServerPlugin END] Reloading Section: "pre-stage/"
[02:43:07] [main/TRACE] [REI] [REIServerPlugin END] Reloading Section: "pre-stage/MenuInfoRegistryImpl/"
[02:43:07] [main/TRACE] [REI] [REIServerPlugin END] Reloading Section: "pre-stage/MenuInfoRegistryImpl/" done in 98.73 μs
[02:43:07] [main/TRACE] [REI] [REIServerPlugin END] Reloading Section: "pre-stage/SlotAccessorRegistryImpl/"
[02:43:07] [main/TRACE] [REI] [REIServerPlugin END] Reloading Section: "pre-stage/SlotAccessorRegistryImpl/" done in 100.8 μs
[02:43:07] [main/TRACE] [REI] [REIServerPlugin END] Reloading Section: "pre-stage/" done in 486.3 μs
[02:43:07] [main/DEBUG] [REI] ========================================
[02:43:07] [main/DEBUG] [REI] REIServerPlugin finished pre-reload for END in 1.304 ms.
[02:43:07] [main/DEBUG] [REI] ========================================
[02:43:07] [main/INFO] [REI] ========================================
[02:43:07] [main/INFO] [REI] REIPlugin starting main-reload for END.
[02:43:07] [main/DEBUG] [REI] Reloadables (7):
[02:43:07] [main/DEBUG] [REI]  - EntryTypeRegistryImpl
[02:43:07] [main/DEBUG] [REI]  - EntrySettingsAdapterRegistryImpl
[02:43:07] [main/DEBUG] [REI]  - RecipeManagerContextImpl
[02:43:07] [main/DEBUG] [REI]  - ItemComparatorRegistryImpl
[02:43:07] [main/DEBUG] [REI]  - FluidComparatorRegistryImpl
[02:43:07] [main/DEBUG] [REI]  - DisplaySerializerRegistryImpl
[02:43:07] [main/DEBUG] [REI]  - FluidSupportProviderImpl
[02:43:07] [main/INFO] [REI] Plugins (3):
[02:43:07] [main/INFO] [REI]  - (-100.00) DefaultPlugin of DefaultPlugin [roughlyenoughitems]
[02:43:07] [main/INFO] [REI]  - (0.00) FabricFluidAPISupportPlugin
[02:43:07] [main/INFO] [REI]  - (0.00) DefaultRuntimePlugin of DefaultRuntimePlugin [roughlyenoughitems]
[02:43:07] [main/INFO] [REI] ========================================
[02:43:07] [main/TRACE] [REI] [REIPlugin END] Reloading Section: "start-reload/"
[02:43:07] [main/TRACE] [REI] [REIPlugin END] Reloading Section: "start-reload/EntryTypeRegistryImpl/"
[02:43:07] [main/TRACE] [REI] [REIPlugin END] Reloading Section: "start-reload/EntryTypeRegistryImpl/" done in 43.92 μs
[02:43:07] [main/TRACE] [REI] [REIPlugin END] Reloading Section: "start-reload/EntrySettingsAdapterRegistryImpl/"
[02:43:07] [main/TRACE] [REI] [REIPlugin END] Reloading Section: "start-reload/EntrySettingsAdapterRegistryImpl/" done in 70.51 μs
[02:43:07] [main/TRACE] [REI] [REIPlugin END] Reloading Section: "start-reload/RecipeManagerContextImpl/"
[02:43:07] [main/TRACE] [REI] [REIPlugin END] Reloading Section: "start-reload/RecipeManagerContextImpl/" done in 42.75 μs
[02:43:07] [main/TRACE] [REI] [REIPlugin END] Reloading Section: "start-reload/ItemComparatorRegistryImpl/"
[02:43:07] [main/TRACE] [REI] [REIPlugin END] Reloading Section: "start-reload/ItemComparatorRegistryImpl/" done in 40.67 μs
[02:43:07] [main/TRACE] [REI] [REIPlugin END] Reloading Section: "start-reload/FluidComparatorRegistryImpl/"
[02:43:07] [main/TRACE] [REI] [REIPlugin END] Reloading Section: "start-reload/FluidComparatorRegistryImpl/" done in 34.91 μs
[02:43:07] [main/TRACE] [REI] [REIPlugin END] Reloading Section: "start-reload/DisplaySerializerRegistryImpl/"
[02:43:07] [main/TRACE] [REI] [REIPlugin END] Reloading Section: "start-reload/DisplaySerializerRegistryImpl/" done in 34.34 μs
[02:43:07] [main/TRACE] [REI] [REIPlugin END] Reloading Section: "start-reload/FluidSupportProviderImpl/"
[02:43:07] [main/TRACE] [REI] [REIPlugin END] Reloading Section: "start-reload/FluidSupportProviderImpl/" done in 35.64 μs
[02:43:07] [main/TRACE] [REI] [REIPlugin END] Reloading Section: "start-reload/" done in 892.7 μs
[02:43:07] [main/DEBUG] [REI] ========================================
[02:43:07] [main/DEBUG] [REI] REIPlugin started main-reload for END.
[02:43:07] [main/DEBUG] [REI] ========================================
[02:43:07] [main/TRACE] [REI] [REIPlugin END] Reloading Section: "reloadable-plugin/EntryTypeRegistryImpl/"
[02:43:07] [main/TRACE] [REI] [REIPlugin END] Reloading Section: "reloadable-plugin/EntryTypeRegistryImpl/DefaultPlugin of DefaultPlugin [roughlyenoughitems]/"
[02:43:07] [main/TRACE] [REI] [REIPlugin END] Reloading Section: "reloadable-plugin/EntryTypeRegistryImpl/DefaultPlugin of DefaultPlugin [roughlyenoughitems]/" done in 34.65 μs
[02:43:07] [main/TRACE] [REI] [REIPlugin END] Reloading Section: "reloadable-plugin/EntryTypeRegistryImpl/FabricFluidAPISupportPlugin/"
[02:43:07] [main/TRACE] [REI] [REIPlugin END] Reloading Section: "reloadable-plugin/EntryTypeRegistryImpl/FabricFluidAPISupportPlugin/" done in 32.69 μs
[02:43:07] [main/TRACE] [REI] [REIPlugin END] Reloading Section: "reloadable-plugin/EntryTypeRegistryImpl/DefaultRuntimePlugin of DefaultRuntimePlugin [roughlyenoughitems]/"
[02:43:07] [main/TRACE] [REI] [REIPlugin END] Reloading Section: "reloadable-plugin/EntryTypeRegistryImpl/DefaultRuntimePlugin of DefaultRuntimePlugin [roughlyenoughitems]/" done in 35.51 μs
[02:43:07] [main/TRACE] [REI] [REIPlugin END] Reloading Section: "reloadable-plugin/EntryTypeRegistryImpl/" done in 307.3 μs
[02:43:07] [main/TRACE] [REI] [REIPlugin END] Reloading Section: "reloadable-plugin/EntrySettingsAdapterRegistryImpl/"
[02:43:07] [main/TRACE] [REI] [REIPlugin END] Reloading Section: "reloadable-plugin/EntrySettingsAdapterRegistryImpl/DefaultPlugin of DefaultPlugin [roughlyenoughitems]/"
[02:43:07] [main/TRACE] [REI] [REIPlugin END] Reloading Section: "reloadable-plugin/EntrySettingsAdapterRegistryImpl/DefaultPlugin of DefaultPlugin [roughlyenoughitems]/" done in 57.20 μs
[02:43:07] [main/TRACE] [REI] [REIPlugin END] Reloading Section: "reloadable-plugin/EntrySettingsAdapterRegistryImpl/FabricFluidAPISupportPlugin/"
[02:43:07] [main/TRACE] [REI] [REIPlugin END] Reloading Section: "reloadable-plugin/EntrySettingsAdapterRegistryImpl/FabricFluidAPISupportPlugin/" done in 36.99 μs
[02:43:07] [main/TRACE] [REI] [REIPlugin END] Reloading Section: "reloadable-plugin/EntrySettingsAdapterRegistryImpl/DefaultRuntimePlugin of DefaultRuntimePlugin [roughlyenoughitems]/"
[02:43:07] [main/TRACE] [REI] [REIPlugin END] Reloading Section: "reloadable-plugin/EntrySettingsAdapterRegistryImpl/DefaultRuntimePlugin of DefaultRuntimePlugin [roughlyenoughitems]/" done in 47.45 μs
[02:43:07] [main/TRACE] [REI] [REIPlugin END] Reloading Section: "reloadable-plugin/EntrySettingsAdapterRegistryImpl/" done in 397.4 μs
[02:43:07] [main/TRACE] [REI] [REIPlugin END] Reloading Section: "reloadable-plugin/RecipeManagerContextImpl/"
[02:43:07] [main/TRACE] [REI] [REIPlugin END] Reloading Section: "reloadable-plugin/RecipeManagerContextImpl/DefaultPlugin of DefaultPlugin [roughlyenoughitems]/"
[02:43:07] [main/TRACE] [REI] [REIPlugin END] Reloading Section: "reloadable-plugin/RecipeManagerContextImpl/DefaultPlugin of DefaultPlugin [roughlyenoughitems]/" done in 94.63 μs
[02:43:07] [main/TRACE] [REI] [REIPlugin END] Reloading Section: "reloadable-plugin/RecipeManagerContextImpl/FabricFluidAPISupportPlugin/"
[02:43:07] [main/TRACE] [REI] [REIPlugin END] Reloading Section: "reloadable-plugin/RecipeManagerContextImpl/FabricFluidAPISupportPlugin/" done in 44.77 μs
[02:43:07] [main/TRACE] [REI] [REIPlugin END] Reloading Section: "reloadable-plugin/RecipeManagerContextImpl/DefaultRuntimePlugin of DefaultRuntimePlugin [roughlyenoughitems]/"
[02:43:07] [main/TRACE] [REI] [REIPlugin END] Reloading Section: "reloadable-plugin/RecipeManagerContextImpl/DefaultRuntimePlugin of DefaultRuntimePlugin [roughlyenoughitems]/" done in 40.43 μs
[02:43:07] [main/TRACE] [REI] [REIPlugin END] Reloading Section: "reloadable-plugin/RecipeManagerContextImpl/" done in 438.5 μs
[02:43:07] [main/TRACE] [REI] [REIPlugin END] Reloading Section: "reloadable-plugin/ItemComparatorRegistryImpl/"
[02:43:07] [main/TRACE] [REI] [REIPlugin END] Reloading Section: "reloadable-plugin/ItemComparatorRegistryImpl/DefaultPlugin of DefaultPlugin [roughlyenoughitems]/"
[02:43:07] [main/TRACE] [REI] [REIPlugin END] Reloading Section: "reloadable-plugin/ItemComparatorRegistryImpl/DefaultPlugin of DefaultPlugin [roughlyenoughitems]/" done in 47.33 μs
[02:43:07] [main/TRACE] [REI] [REIPlugin END] Reloading Section: "reloadable-plugin/ItemComparatorRegistryImpl/FabricFluidAPISupportPlugin/"
[02:43:07] [main/TRACE] [REI] [REIPlugin END] Reloading Section: "reloadable-plugin/ItemComparatorRegistryImpl/FabricFluidAPISupportPlugin/" done in 39.82 μs
[02:43:07] [main/TRACE] [REI] [REIPlugin END] Reloading Section: "reloadable-plugin/ItemComparatorRegistryImpl/DefaultRuntimePlugin of DefaultRuntimePlugin [roughlyenoughitems]/"
[02:43:07] [main/TRACE] [REI] [REIPlugin END] Reloading Section: "reloadable-plugin/ItemComparatorRegistryImpl/DefaultRuntimePlugin of DefaultRuntimePlugin [roughlyenoughitems]/" done in 35.67 μs
[02:43:07] [main/TRACE] [REI] [REIPlugin END] Reloading Section: "reloadable-plugin/ItemComparatorRegistryImpl/" done in 395.3 μs
[02:43:07] [main/TRACE] [REI] [REIPlugin END] Reloading Section: "reloadable-plugin/FluidComparatorRegistryImpl/"
[02:43:07] [main/TRACE] [REI] [REIPlugin END] Reloading Section: "reloadable-plugin/FluidComparatorRegistryImpl/DefaultPlugin of DefaultPlugin [roughlyenoughitems]/"
[02:43:07] [main/TRACE] [REI] [REIPlugin END] Reloading Section: "reloadable-plugin/FluidComparatorRegistryImpl/DefaultPlugin of DefaultPlugin [roughlyenoughitems]/" done in 36.99 μs
[02:43:07] [main/TRACE] [REI] [REIPlugin END] Reloading Section: "reloadable-plugin/FluidComparatorRegistryImpl/FabricFluidAPISupportPlugin/"
[02:43:07] [main/TRACE] [REI] [REIPlugin END] Reloading Section: "reloadable-plugin/FluidComparatorRegistryImpl/FabricFluidAPISupportPlugin/" done in 69.84 μs
[02:43:07] [main/TRACE] [REI] [REIPlugin END] Reloading Section: "reloadable-plugin/FluidComparatorRegistryImpl/DefaultRuntimePlugin of DefaultRuntimePlugin [roughlyenoughitems]/"
[02:43:07] [main/TRACE] [REI] [REIPlugin END] Reloading Section: "reloadable-plugin/FluidComparatorRegistryImpl/DefaultRuntimePlugin of DefaultRuntimePlugin [roughlyenoughitems]/" done in 74.55 μs
[02:43:07] [main/TRACE] [REI] [REIPlugin END] Reloading Section: "reloadable-plugin/FluidComparatorRegistryImpl/" done in 446.6 μs
[02:43:07] [main/TRACE] [REI] [REIPlugin END] Reloading Section: "reloadable-plugin/DisplaySerializerRegistryImpl/"
[02:43:07] [main/TRACE] [REI] [REIPlugin END] Reloading Section: "reloadable-plugin/DisplaySerializerRegistryImpl/DefaultPlugin of DefaultPlugin [roughlyenoughitems]/"
[02:43:07] [main/TRACE] [REI] [REIPlugin END] Reloading Section: "reloadable-plugin/DisplaySerializerRegistryImpl/DefaultPlugin of DefaultPlugin [roughlyenoughitems]/" done in 12.85 ms
[02:43:07] [main/TRACE] [REI] [REIPlugin END] Reloading Section: "reloadable-plugin/DisplaySerializerRegistryImpl/FabricFluidAPISupportPlugin/"
[02:43:07] [main/TRACE] [REI] [REIPlugin END] Reloading Section: "reloadable-plugin/DisplaySerializerRegistryImpl/FabricFluidAPISupportPlugin/" done in 30.23 μs
[02:43:07] [main/TRACE] [REI] [REIPlugin END] Reloading Section: "reloadable-plugin/DisplaySerializerRegistryImpl/DefaultRuntimePlugin of DefaultRuntimePlugin [roughlyenoughitems]/"
[02:43:07] [main/TRACE] [REI] [REIPlugin END] Reloading Section: "reloadable-plugin/DisplaySerializerRegistryImpl/DefaultRuntimePlugin of DefaultRuntimePlugin [roughlyenoughitems]/" done in 28.09 μs
[02:43:07] [main/TRACE] [REI] [REIPlugin END] Reloading Section: "reloadable-plugin/DisplaySerializerRegistryImpl/" done in 13.10 ms
[02:43:07] [main/TRACE] [REI] [REIPlugin END] Reloading Section: "reloadable-plugin/FluidSupportProviderImpl/"
[02:43:07] [main/TRACE] [REI] [REIPlugin END] Reloading Section: "reloadable-plugin/FluidSupportProviderImpl/DefaultPlugin of DefaultPlugin [roughlyenoughitems]/"
[02:43:07] [main/TRACE] [REI] [REIPlugin END] Reloading Section: "reloadable-plugin/FluidSupportProviderImpl/DefaultPlugin of DefaultPlugin [roughlyenoughitems]/" done in 35.61 μs
[02:43:07] [main/TRACE] [REI] [REIPlugin END] Reloading Section: "reloadable-plugin/FluidSupportProviderImpl/FabricFluidAPISupportPlugin/"
[02:43:07] [main/TRACE] [REI] [REIPlugin END] Reloading Section: "reloadable-plugin/FluidSupportProviderImpl/FabricFluidAPISupportPlugin/" done in 35.88 μs
[02:43:07] [main/TRACE] [REI] [REIPlugin END] Reloading Section: "reloadable-plugin/FluidSupportProviderImpl/DefaultRuntimePlugin of DefaultRuntimePlugin [roughlyenoughitems]/"
[02:43:07] [main/TRACE] [REI] [REIPlugin END] Reloading Section: "reloadable-plugin/FluidSupportProviderImpl/DefaultRuntimePlugin of DefaultRuntimePlugin [roughlyenoughitems]/" done in 44.46 μs
[02:43:07] [main/TRACE] [REI] [REIPlugin END] Reloading Section: "reloadable-plugin/FluidSupportProviderImpl/" done in 386.3 μs
[02:43:07] [main/DEBUG] [REI] ========================================
[02:43:07] [main/DEBUG] [REI] REIPlugin ending main-reload for END.
[02:43:07] [main/DEBUG] [REI] ========================================
[02:43:07] [main/TRACE] [REI] [REIPlugin END] Reloading Section: "end-reload/"
[02:43:07] [main/TRACE] [REI] [REIPlugin END] Reloading Section: "end-reload/EntryTypeRegistryImpl/"
[02:43:07] [main/TRACE] [REI] [REIPlugin END] Reloading Section: "end-reload/EntryTypeRegistryImpl/" done in 34.82 μs
[02:43:07] [main/TRACE] [REI] [REIPlugin END] Reloading Section: "end-reload/EntrySettingsAdapterRegistryImpl/"
[02:43:07] [main/TRACE] [REI] [REIPlugin END] Reloading Section: "end-reload/EntrySettingsAdapterRegistryImpl/" done in 35.70 μs
[02:43:07] [main/TRACE] [REI] [REIPlugin END] Reloading Section: "end-reload/RecipeManagerContextImpl/"
[02:43:07] [main/TRACE] [REI] [REIPlugin END] Reloading Section: "end-reload/RecipeManagerContextImpl/" done in 28.84 μs
[02:43:07] [main/TRACE] [REI] [REIPlugin END] Reloading Section: "end-reload/ItemComparatorRegistryImpl/"
[02:43:07] [main/TRACE] [REI] [REIPlugin END] Reloading Section: "end-reload/ItemComparatorRegistryImpl/" done in 35.99 μs
[02:43:07] [main/TRACE] [REI] [REIPlugin END] Reloading Section: "end-reload/FluidComparatorRegistryImpl/"
[02:43:07] [main/TRACE] [REI] [REIPlugin END] Reloading Section: "end-reload/FluidComparatorRegistryImpl/" done in 27.66 μs
[02:43:07] [main/TRACE] [REI] [REIPlugin END] Reloading Section: "end-reload/DisplaySerializerRegistryImpl/"
[02:43:07] [main/TRACE] [REI] [REIPlugin END] Reloading Section: "end-reload/DisplaySerializerRegistryImpl/" done in 25.94 μs
[02:43:07] [main/TRACE] [REI] [REIPlugin END] Reloading Section: "end-reload/FluidSupportProviderImpl/"
[02:43:07] [main/TRACE] [REI] [REIPlugin END] Reloading Section: "end-reload/FluidSupportProviderImpl/" done in 27.90 μs
[02:43:07] [main/TRACE] [REI] [REIPlugin END] Reloading Section: "end-reload/" done in 664.9 μs
[02:43:07] [main/DEBUG] [REI] ========================================
[02:43:07] [main/DEBUG] [REI] REIPlugin ended main-reload for END in 19.10 ms.
[02:43:07] [main/DEBUG] [REI] ========================================
[02:43:07] [main/INFO] [REI] ~~~~~~~~~~~~~~~~~~~~~~~~~~~~~~~~~~~~~~~~
[02:43:07] [main/INFO] [REI] REIServerPlugin starting main-reload for END.
[02:43:07] [main/DEBUG] [REI] Reloadables (2):
[02:43:07] [main/DEBUG] [REI]  - MenuInfoRegistryImpl
[02:43:07] [main/DEBUG] [REI]  - SlotAccessorRegistryImpl
[02:43:07] [main/INFO] [REI] Plugins (3):
[02:43:07] [main/INFO] [REI]  - (-100.00) DefaultPlugin of DefaultPlugin [roughlyenoughitems]
[02:43:07] [main/INFO] [REI]  - (0.00) FabricFluidAPISupportPlugin
[02:43:07] [main/INFO] [REI]  - (0.00) DefaultRuntimePlugin of DefaultRuntimePlugin [roughlyenoughitems]
[02:43:07] [main/INFO] [REI] ~~~~~~~~~~~~~~~~~~~~~~~~~~~~~~~~~~~~~~~~
[02:43:07] [main/TRACE] [REI] [REIServerPlugin END] Reloading Section: "start-reload/"
[02:43:07] [main/TRACE] [REI] [REIServerPlugin END] Reloading Section: "start-reload/MenuInfoRegistryImpl/"
[02:43:07] [main/TRACE] [REI] [REIServerPlugin END] Reloading Section: "start-reload/MenuInfoRegistryImpl/" done in 45.69 μs
[02:43:07] [main/TRACE] [REI] [REIServerPlugin END] Reloading Section: "start-reload/SlotAccessorRegistryImpl/"
[02:43:07] [main/TRACE] [REI] [REIServerPlugin END] Reloading Section: "start-reload/SlotAccessorRegistryImpl/" done in 36.38 μs
[02:43:07] [main/TRACE] [REI] [REIServerPlugin END] Reloading Section: "start-reload/" done in 282.1 μs
[02:43:07] [main/DEBUG] [REI] ========================================
[02:43:07] [main/DEBUG] [REI] REIServerPlugin started main-reload for END.
[02:43:07] [main/DEBUG] [REI] ========================================
[02:43:07] [main/TRACE] [REI] [REIServerPlugin END] Reloading Section: "reloadable-plugin/MenuInfoRegistryImpl/"
[02:43:07] [main/TRACE] [REI] [REIServerPlugin END] Reloading Section: "reloadable-plugin/MenuInfoRegistryImpl/DefaultPlugin of DefaultPlugin [roughlyenoughitems]/"
[02:43:07] [main/TRACE] [REI] [REIServerPlugin END] Reloading Section: "reloadable-plugin/MenuInfoRegistryImpl/DefaultPlugin of DefaultPlugin [roughlyenoughitems]/" done in 42.12 μs
[02:43:07] [main/TRACE] [REI] [REIServerPlugin END] Reloading Section: "reloadable-plugin/MenuInfoRegistryImpl/FabricFluidAPISupportPlugin/"
[02:43:07] [main/TRACE] [REI] [REIServerPlugin END] Reloading Section: "reloadable-plugin/MenuInfoRegistryImpl/FabricFluidAPISupportPlugin/" done in 33.72 μs
[02:43:07] [main/TRACE] [REI] [REIServerPlugin END] Reloading Section: "reloadable-plugin/MenuInfoRegistryImpl/DefaultRuntimePlugin of DefaultRuntimePlugin [roughlyenoughitems]/"
[02:43:07] [main/TRACE] [REI] [REIServerPlugin END] Reloading Section: "reloadable-plugin/MenuInfoRegistryImpl/DefaultRuntimePlugin of DefaultRuntimePlugin [roughlyenoughitems]/" done in 31.64 μs
[02:43:07] [main/TRACE] [REI] [REIServerPlugin END] Reloading Section: "reloadable-plugin/MenuInfoRegistryImpl/" done in 315.3 μs
[02:43:07] [main/TRACE] [REI] [REIServerPlugin END] Reloading Section: "reloadable-plugin/SlotAccessorRegistryImpl/"
[02:43:07] [main/TRACE] [REI] [REIServerPlugin END] Reloading Section: "reloadable-plugin/SlotAccessorRegistryImpl/DefaultPlugin of DefaultPlugin [roughlyenoughitems]/"
[02:43:07] [main/TRACE] [REI] [REIServerPlugin END] Reloading Section: "reloadable-plugin/SlotAccessorRegistryImpl/DefaultPlugin of DefaultPlugin [roughlyenoughitems]/" done in 52.44 μs
[02:43:07] [main/TRACE] [REI] [REIServerPlugin END] Reloading Section: "reloadable-plugin/SlotAccessorRegistryImpl/FabricFluidAPISupportPlugin/"
[02:43:07] [main/TRACE] [REI] [REIServerPlugin END] Reloading Section: "reloadable-plugin/SlotAccessorRegistryImpl/FabricFluidAPISupportPlugin/" done in 33.67 μs
[02:43:07] [main/TRACE] [REI] [REIServerPlugin END] Reloading Section: "reloadable-plugin/SlotAccessorRegistryImpl/DefaultRuntimePlugin of DefaultRuntimePlugin [roughlyenoughitems]/"
[02:43:07] [main/DEBUG] [REI] Added slot accessor serializer: me.shedaniel.rei.plugin.common.runtime.DefaultRuntimePlugin$1@2319386e [roughlyenoughitems:vanilla]
[02:43:07] [main/DEBUG] [REI] Added slot accessor serializer: me.shedaniel.rei.plugin.common.runtime.DefaultRuntimePlugin$2@1bf05ea1 [roughlyenoughitems:player]
[02:43:07] [main/TRACE] [REI] [REIServerPlugin END] Reloading Section: "reloadable-plugin/SlotAccessorRegistryImpl/DefaultRuntimePlugin of DefaultRuntimePlugin [roughlyenoughitems]/" done in 1.178 ms
[02:43:07] [main/TRACE] [REI] [REIServerPlugin END] Reloading Section: "reloadable-plugin/SlotAccessorRegistryImpl/" done in 1.496 ms
[02:43:07] [main/DEBUG] [REI] ========================================
[02:43:07] [main/DEBUG] [REI] REIServerPlugin ending main-reload for END.
[02:43:07] [main/DEBUG] [REI] ========================================
[02:43:07] [main/TRACE] [REI] [REIServerPlugin END] Reloading Section: "end-reload/"
[02:43:07] [main/TRACE] [REI] [REIServerPlugin END] Reloading Section: "end-reload/MenuInfoRegistryImpl/"
[02:43:07] [main/DEBUG] [REI] Registered 0 menu infos
[02:43:07] [main/TRACE] [REI] [REIServerPlugin END] Reloading Section: "end-reload/MenuInfoRegistryImpl/" done in 90.44 μs
[02:43:07] [main/TRACE] [REI] [REIServerPlugin END] Reloading Section: "end-reload/SlotAccessorRegistryImpl/"
[02:43:07] [main/DEBUG] [REI] Registered 2 slot accessor serializers
[02:43:07] [main/TRACE] [REI] [REIServerPlugin END] Reloading Section: "end-reload/SlotAccessorRegistryImpl/" done in 68.63 μs
[02:43:07] [main/TRACE] [REI] [REIServerPlugin END] Reloading Section: "end-reload/" done in 321.0 μs
[02:43:07] [main/DEBUG] [REI] ========================================
[02:43:07] [main/DEBUG] [REI] REIServerPlugin ended main-reload for END in 3.873 ms.
[02:43:07] [main/DEBUG] [REI] ========================================
[02:43:07] [main/DEBUG] [REI] ========================================
[02:43:07] [main/DEBUG] [REI] REIPlugin starting post-reload for END.
[02:43:07] [main/DEBUG] [REI] Reloadables (7):
[02:43:07] [main/DEBUG] [REI]  - EntryTypeRegistryImpl
[02:43:07] [main/DEBUG] [REI]  - EntrySettingsAdapterRegistryImpl
[02:43:07] [main/DEBUG] [REI]  - RecipeManagerContextImpl
[02:43:07] [main/DEBUG] [REI]  - ItemComparatorRegistryImpl
[02:43:07] [main/DEBUG] [REI]  - FluidComparatorRegistryImpl
[02:43:07] [main/DEBUG] [REI]  - DisplaySerializerRegistryImpl
[02:43:07] [main/DEBUG] [REI]  - FluidSupportProviderImpl
[02:43:07] [main/DEBUG] [REI] Plugins (3):
[02:43:07] [main/DEBUG] [REI]  - (-100.00) DefaultPlugin of DefaultPlugin [roughlyenoughitems]
[02:43:07] [main/DEBUG] [REI]  - (0.00) FabricFluidAPISupportPlugin
[02:43:07] [main/DEBUG] [REI]  - (0.00) DefaultRuntimePlugin of DefaultRuntimePlugin [roughlyenoughitems]
[02:43:07] [main/DEBUG] [REI] ========================================
[02:43:07] [main/TRACE] [REI] [REIPlugin END] Reloading Section: "post-register/"
[02:43:07] [main/TRACE] [REI] [REIPlugin END] Reloading Section: "post-register/DefaultPlugin of DefaultPlugin [roughlyenoughitems]/"
[02:43:07] [main/TRACE] [REI] [REIPlugin END] Reloading Section: "post-register/DefaultPlugin of DefaultPlugin [roughlyenoughitems]/" done in 28.17 μs
[02:43:07] [main/TRACE] [REI] [REIPlugin END] Reloading Section: "post-register/FabricFluidAPISupportPlugin/"
[02:43:07] [main/TRACE] [REI] [REIPlugin END] Reloading Section: "post-register/FabricFluidAPISupportPlugin/" done in 26.58 μs
[02:43:07] [main/TRACE] [REI] [REIPlugin END] Reloading Section: "post-register/DefaultRuntimePlugin of DefaultRuntimePlugin [roughlyenoughitems]/"
[02:43:07] [main/TRACE] [REI] [REIPlugin END] Reloading Section: "post-register/DefaultRuntimePlugin of DefaultRuntimePlugin [roughlyenoughitems]/" done in 35.58 μs
[02:43:07] [main/TRACE] [REI] [REIPlugin END] Reloading Section: "post-register/" done in 335.0 μs
[02:43:07] [main/TRACE] [REI] [REIPlugin END] Reloading Section: "post-stage/"
[02:43:07] [main/TRACE] [REI] [REIPlugin END] Reloading Section: "post-stage/EntryTypeRegistryImpl/"
[02:43:07] [main/TRACE] [REI] [REIPlugin END] Reloading Section: "post-stage/EntryTypeRegistryImpl/" done in 25.96 μs
[02:43:07] [main/TRACE] [REI] [REIPlugin END] Reloading Section: "post-stage/EntrySettingsAdapterRegistryImpl/"
[02:43:07] [main/TRACE] [REI] [REIPlugin END] Reloading Section: "post-stage/EntrySettingsAdapterRegistryImpl/" done in 25.68 μs
[02:43:07] [main/TRACE] [REI] [REIPlugin END] Reloading Section: "post-stage/RecipeManagerContextImpl/"
[02:43:07] [main/TRACE] [REI] [REIPlugin END] Reloading Section: "post-stage/RecipeManagerContextImpl/" done in 25.61 μs
[02:43:07] [main/TRACE] [REI] [REIPlugin END] Reloading Section: "post-stage/ItemComparatorRegistryImpl/"
[02:43:07] [main/TRACE] [REI] [REIPlugin END] Reloading Section: "post-stage/ItemComparatorRegistryImpl/" done in 24.28 μs
[02:43:07] [main/TRACE] [REI] [REIPlugin END] Reloading Section: "post-stage/FluidComparatorRegistryImpl/"
[02:43:07] [main/TRACE] [REI] [REIPlugin END] Reloading Section: "post-stage/FluidComparatorRegistryImpl/" done in 25.31 μs
[02:43:07] [main/TRACE] [REI] [REIPlugin END] Reloading Section: "post-stage/DisplaySerializerRegistryImpl/"
[02:43:07] [main/TRACE] [REI] [REIPlugin END] Reloading Section: "post-stage/DisplaySerializerRegistryImpl/" done in 26.73 μs
[02:43:07] [main/TRACE] [REI] [REIPlugin END] Reloading Section: "post-stage/FluidSupportProviderImpl/"
[02:43:07] [main/TRACE] [REI] [REIPlugin END] Reloading Section: "post-stage/FluidSupportProviderImpl/" done in 24.92 μs
[02:43:07] [main/TRACE] [REI] [REIPlugin END] Reloading Section: "post-stage/" done in 576.5 μs
[02:43:07] [main/DEBUG] [REI] ========================================
[02:43:07] [main/INFO] [REI] REIPlugin finished post-reload for END in 1.010 ms, totaling 21.48 ms.
[02:43:07] [main/DEBUG] [REI] ========================================
[02:43:07] [main/DEBUG] [REI] ========================================
[02:43:07] [main/DEBUG] [REI] REIServerPlugin starting post-reload for END.
[02:43:07] [main/DEBUG] [REI] Reloadables (2):
[02:43:07] [main/DEBUG] [REI]  - MenuInfoRegistryImpl
[02:43:07] [main/DEBUG] [REI]  - SlotAccessorRegistryImpl
[02:43:07] [main/DEBUG] [REI] Plugins (3):
[02:43:07] [main/DEBUG] [REI]  - (-100.00) DefaultPlugin of DefaultPlugin [roughlyenoughitems]
[02:43:07] [main/DEBUG] [REI]  - (0.00) FabricFluidAPISupportPlugin
[02:43:07] [main/DEBUG] [REI]  - (0.00) DefaultRuntimePlugin of DefaultRuntimePlugin [roughlyenoughitems]
[02:43:07] [main/DEBUG] [REI] ========================================
[02:43:07] [main/TRACE] [REI] [REIServerPlugin END] Reloading Section: "post-register/"
[02:43:07] [main/TRACE] [REI] [REIServerPlugin END] Reloading Section: "post-register/DefaultPlugin of DefaultPlugin [roughlyenoughitems]/"
[02:43:07] [main/TRACE] [REI] [REIServerPlugin END] Reloading Section: "post-register/DefaultPlugin of DefaultPlugin [roughlyenoughitems]/" done in 28.48 μs
[02:43:07] [main/TRACE] [REI] [REIServerPlugin END] Reloading Section: "post-register/FabricFluidAPISupportPlugin/"
[02:43:07] [main/TRACE] [REI] [REIServerPlugin END] Reloading Section: "post-register/FabricFluidAPISupportPlugin/" done in 30.20 μs
[02:43:07] [main/TRACE] [REI] [REIServerPlugin END] Reloading Section: "post-register/DefaultRuntimePlugin of DefaultRuntimePlugin [roughlyenoughitems]/"
[02:43:07] [main/TRACE] [REI] [REIServerPlugin END] Reloading Section: "post-register/DefaultRuntimePlugin of DefaultRuntimePlugin [roughlyenoughitems]/" done in 29.62 μs
[02:43:07] [main/TRACE] [REI] [REIServerPlugin END] Reloading Section: "post-register/" done in 275.2 μs
[02:43:07] [main/TRACE] [REI] [REIServerPlugin END] Reloading Section: "post-stage/"
[02:43:07] [main/TRACE] [REI] [REIServerPlugin END] Reloading Section: "post-stage/MenuInfoRegistryImpl/"
[02:43:07] [main/TRACE] [REI] [REIServerPlugin END] Reloading Section: "post-stage/MenuInfoRegistryImpl/" done in 25.98 μs
[02:43:07] [main/TRACE] [REI] [REIServerPlugin END] Reloading Section: "post-stage/SlotAccessorRegistryImpl/"
[02:43:07] [main/TRACE] [REI] [REIServerPlugin END] Reloading Section: "post-stage/SlotAccessorRegistryImpl/" done in 24.67 μs
[02:43:07] [main/TRACE] [REI] [REIServerPlugin END] Reloading Section: "post-stage/" done in 165.1 μs
[02:43:07] [main/DEBUG] [REI] ========================================
[02:43:07] [main/INFO] [REI] REIServerPlugin finished post-reload for END in 534.4 μs, totaling 5.697 ms.
[02:43:07] [main/DEBUG] [REI] ========================================
